block 249498 tx hash 546a406a131089e7c2f27d34a93a4d27441d98d096404d6737c5ad5b5e61a09b value 1600000000 -> 231091243386 dacoins
1PA8qhEzW7to6EeqBAdhVZYGbVj2MfmN2n got 231091243386 dacoin
block 249498 tx hash bae553e46507edc10cf4d8a6b7101a6dee5b33d284f1dd5dfed6fb6cb16239b5 value 500000000 -> 72216013558 dacoins
1JvXUatqyiBs1gsp2vYopyc9QnStfVn2F1 got 72216013558 dacoin
block 249536 tx hash a1fc7a2786dd09d17b3a2c5e1bc6b193f4aa1a759a95f3094788b87a894d2dfb value 100000000 -> 14419591601 dacoins
1JRfc5W459i9PAPiGDvTUuJve9fn9z6YjK got 14419591601 dacoin
block 249559 tx hash 9fc7a388faa56326fb43cbe39130790fc0e17e2eaf9191d630b63552c8f21d36 value 500000000 -> 72006679894 dacoins
1HETPNRFYqoXEEkpvNY4zVLsQcTumfhoJ2 got 72006679894 dacoin
block 249560 tx hash 97d3cb22c0ac35b151681b0c8d1d5454df8dafabfcf45d61b61d6924e5359770 value 10000000 -> 1440052249 dacoins
1DmuFKdM3wpD9rDubQa75b8og2HdS6mD9g got 1440052249 dacoin
block 249571 tx hash 4a6d5e7178e5a5713a8960d2793ac6769b7aeb52dbec4259fe6b3c76eff85593 value 50000000 -> 7194767692 dacoins
1BV9k7VQbtddtLeWxkTSafcYHUsWLJoqWM got 7194767692 dacoin
block 249590 tx hash 3549762108ed6cda278038aa53790fa2d4f825a826aa2e65964b78e258d64312 value 250000000 -> 35938793816 dacoins
1LQzaHiedzHDqPW8q95SyEL7fAzahvrmTo got 35938793816 dacoin
block 249595 tx hash 7b520c71331a880955eff45d0c87c607a6ff9598c26d3fc0dd81775714244d63 value 100000000 -> 14372771164 dacoins
14CQGTcpq6pduhRUKC5SEShBZHiJJHiKMT got 14372771164 dacoin
block 249601 tx hash a96f47f7f954259a1ff29ec29bc2ed61447fdfcde1d5173dad35f05fff493c3a value 10000000 -> 1436649636 dacoins
17hvZSX8rxn4oqWHvsWNd6BNq8jTftTvMj got 1436649636 dacoin
block 249603 tx hash aef4b79eeab6aa7bc3cc4cee6aa97d116c3a61e814ec155142d9d613ec348210 value 120000000 -> 17236738095 dacoins
1DoUJcTZMMHN7fMfg2aQE6ohZKXroyXyWW got 17236738095 dacoin
block 249611 tx hash 2d8ccb128eb8c0eebceeb86ca049991bf0336124e7a44b4d718630298b4335ad value 10000000 -> 1435843585 dacoins
14KxxiYghzaMiu6Ygcp1q8H4JGWViXLjua got 1435843585 dacoin
block 249638 tx hash 42d3a3256c94be0f6817b908975c3f2687831c34291d5d004316643b9ca828d5 value 250000000 -> 35844283234 dacoins
13dFPB1ag1WsJKBWoUp6yUiKYDKvUGFEdz got 35844283234 dacoin
block 249639 tx hash 68c0677e3fc26286d2c83772f6e1f7b4b9e3072008995a884a8c1e943f4dbf99 value 122200000000 -> 17519517794312 dacoins
15WrQhYhHts7jTMoGJ9rDCD12JuCTKy7MM got 17519517794312 dacoin
block 249682 tx hash 7c63c2b9596a5da51a6cfeb89e17196105849bdf656f890c96f919020d38be44 value 800000000 -> 114459047619 dacoins
16JbDstcRNzevcBSVu7XwUKJ3bB6btxWHh got 114459047619 dacoin
block 249689 tx hash cf059ff53cec7b99881ef8e8edd9e6ed83622cd943382345e4dbe755f3ef70e1 value 10000000000 -> 1429964285714 dacoins
172mDyjew7PnUpMRdNPjjv1bU1u4Ftgs3M got 1429964285714 dacoin
block 249704 tx hash 1dd453cbf00d6909be5a3252f44e16e184781194c078536319df347f61ea221b value 200000000 -> 28566481481 dacoins
15H4EyX75muU78MQTHgNj9S75RbGVtZjJW got 28566481481 dacoin
block 249716 tx hash 52a875a46d7973760974b2ae8fa7bb71bfe7d06e0be8fd2bf2e20eaca182dbd7 value 42000000000 -> 5994129166667 dacoins
196V2uB471HoMHwbkQRQRiwd3aYpU6RtWg got 5994129166667 dacoin
block 249731 tx hash eb09e11086fb1bd8984aaf18d2c7c856d5c56799b52f676c45f85cab3a38e0b9 value 100000000 -> 14260408399 dacoins
1MbzgJ9fwqcu2HWByHpUXUxASyURvJ5AWu got 14260408399 dacoin
block 249757 tx hash 103397caef6dc9b31c944eaa3efecfe924dc4f830db815d9d1735cdc5f4354a5 value 199500000 -> 28417815104 dacoins
1EPsEDXYuQV6nmHE5wgwtJmoiD3T1AXwsW got 28417815104 dacoin
block 249763 tx hash 3bdce7ad4a1dd4abf1ec8dc5141f67b42be9243f86af42d6fe279b4af85f2b23 value 102000000 -> 14525201389 dacoins
1AsX2fv1QRFgCYT3F1YMWm37nWnW8TkZnm got 14525201389 dacoin
block 249895 tx hash 439f768546dcf5f5bf18baae568fcf60173133a2f0ce92e4808b419b2e513c88 value 50000000 -> 7070485284 dacoins
18ebxtqmwE2MMJtHbpAosrKEem8go9qc9 got 7070485284 dacoin
block 249998 tx hash 2093e07b55a3680b8eab7401db99ae7c15ad274733c98d2860839a67bc54d4ef value 5000000000 -> 703514632937 dacoins
163dXoX3bfrM8t8DwbhzfHdGYNQfYfXhK6 got 703514632937 dacoin
block 250039 tx hash 32048de8ab28e1aaf337c51b9c4779e01cfd3af21986172766054122c99edd69 value 4200000000 -> 588810138889 dacoins
1K9ETVUmDcfahqzoanBBmbaDqVmUmqrQJS got 588810138889 dacoin
block 250243 tx hash 4f1faadbad6c08cb2d37fdbba20f2cd8cef831704b7ddc7bdef75ca317fdbe51 value 100000000 -> 13855634921 dacoins
17tJw9CG4ufjA1yXd4TFR1wqdgMUFzi5n1 got 13855634921 dacoin
block 250364 tx hash 8e4c30cd597d95161888226c9d27eed745ba2f0c88cfecf42641e1fbdef5fd78 value 31415926 -> 4328703723 dacoins
1nivsN37oY13sqNoxzPa3nZrDVQzWGBYD got 4328703723 dacoin
block 250471 tx hash 99a9a9eb5c7b691d866836582c829bab0fcce68cd1e24211b062085ad8ea8b4e value 2000000 -> 273714253 dacoins
19mSdN6s9iBHFyJ2ycHbzQ7dcnfgZHN8Cu got 273714253 dacoin
block 250771 tx hash 4c9d084740b688dfd83301adc9f164c8ab49c6a2bb515757e8ff4e7d114e102f value 100000000 -> 13452853836 dacoins
1Pk3gL2UQGEVSLv6FUVLfx8QT6mfsDhDa got 13452853836 dacoin
block 250779 tx hash 881fd331147322b189f1ebed0f50953893efe9edba0c236b116311f3cb4bd792 value 100000000 -> 13447939815 dacoins
17kKzeuAMhV8Pw9R62CWkhi5pXKmigMJQa got 13447939815 dacoin
block 250780 tx hash 3304da05c7a8048b151b8ef3d3ce586a6252354c89929016b224ceb413e07aa5 value 2499950000 -> 336161142053 dacoins
17bGDJTMeiWx4LJdf8gECEPFMmCpY2jA66 got 336161142053 dacoin
block 250836 tx hash b2de5a2c37b9ee4ef6182662592912debbe25b8c75275f06853cb0f83b814f32 value 49950000 -> 6694997210 dacoins
1Fi4UdfU7Bw9CdX85K2rtzMoZuESvDPNS7 got 6694997210 dacoin
block 250850 tx hash 61956a585c5f62a324f707a0fce452deb70c451d073e4fce5af652cdb17c99e7 value 500000000 -> 66971585648 dacoins
1AxxvjavPMEiyT7quRVrfWj9xjgv27PSCS got 66971585648 dacoin
block 250911 tx hash b23037c9e680f0f7033f547bc1ddcb7eb08f8170bf7be221d90ad1f21050e2b5 value 1000000000 -> 133542873677 dacoins
1Hkjo5N1CLb7XmUtCp4xWRder81CRfpdNd got 133542873677 dacoin
block 250939 tx hash 7e04289e9a6bd5bae7ac3a54315bd8983472d0ef8dc68637bbaa1217c430af61 value 1000000000 -> 133340029762 dacoins
1P2KXwVg2h4iDSqiQf4tCkSL2XEVTAyqrB got 133340029762 dacoin
block 250946 tx hash 921c71e341b310d5c15bb9804fc922b719d897b06359849be6ecfe40e1930a5b value 2000000000 -> 266625859788 dacoins
1KRaQh3k47P4Mu4XXviRGHrgYi7BK5hsAV got 266625859788 dacoin
block 250966 tx hash 5f7ae7e8382062b8aa5029a8a169f72ecb4b8970d30a9baf3fb65c8f807a7e64 value 75000000 -> 9987256944 dacoins
1NeVKGMiNZ6fuoZmVRthTBNw1cJ3MGevwU got 9987256944 dacoin
block 250988 tx hash 59d820b072e1e460373d4a63753aa73e9602e83f5f48002e36fafca3b1f05236 value 250000000 -> 33239141038 dacoins
1Bqp4VEweM1S8FKGHWYviRRtSxv5tMAVih got 33239141038 dacoin
block 251192 tx hash c4d8779eca455e60bf7f78a506ab238d355fe8b09ae338d3e04dfff15d15868a value 10050000 -> 1322364477 dacoins
1NHaFCh2fYzqghh8S7YN5fX4xpSY6W3tBz got 1322364477 dacoin
block 251196 tx hash 7b7c233fb2ef60bdd4410d32176bb38dd42c4e8e6f6ebc2f05439c2434f009ec value 100000000 -> 13154006283 dacoins
1DM8pdm1KbTfAcChuoawkEEbwEqGVzmqQ4 got 13154006283 dacoin
block 251201 tx hash 13fa9bbfb290d39bac6bb5cac78576edb3a2eb736881263130a7dbfeaddfb211 value 250000000 -> 32877719907 dacoins
18bVHTir24mJdYfbUgpS3k9mkSSzZU3kp1 got 32877719907 dacoin
block 251335 tx hash ba1c8df94766190b62ee86152eb2bd917d7f650c3bd721414b38dbd947bb5d27 value 100000000 -> 13055739087 dacoins
13aJiZTQYMYSkfT9E366jdKbZgPTtzA2kw got 13055739087 dacoin
block 251358 tx hash 262d8ee2a6ca31f21d0dadbd1706a5e6ca72ae258f37c4dafd6894a2f717dc80 value 10000000 -> 1303966270 dacoins
18hoYB6KH5nTu6iE1SH3fNKnnRKFe2vaxF got 1303966270 dacoin
block 251391 tx hash 8a1c9fe66cebacb02b345e257463d027d13825d01b26ef19569798e789d20d62 value 50000000 -> 6508160549 dacoins
1CM9jmLrzSUXLRAwFUbcmN7tDiY4Wyi2VC got 6508160549 dacoin
block 251411 tx hash 5791edf5e2c4c5b00f38118d627b1b4b21fc9078317cd11c6188e20d096c43cc value 249990000 -> 32510178542 dacoins
12jxqC2xCdwT35dCYiUQ9ad5rNCoehzyc2 got 32510178542 dacoin
block 251778 tx hash caf5b6c01924031d72417620da4444eff9806cb40559efe12827fed57b33b24b value 999990000 -> 127723987298 dacoins
1Q1sFqsi8S5DxV5hz6sWLamGBp9To93iG7 got 127723987298 dacoin
block 251807 tx hash 94bc5dd2ceda5cb5865080e2af5355bc82624e2ad9ab07db123af61042cb3c91 value 200000000 -> 25500486111 dacoins
1NC9iRjQsXFQFQXS5RCqDvBEuNHVf7KHTG got 25500486111 dacoin
block 251911 tx hash 57709c4aac59f05c2cd1996a4d0f2407956a7246c4ca0577434b7358749c9a8b value 50000000 -> 6331183862 dacoins
15KPAgwFaRQYxqCV95r6qTHCZgtr9HJVtZ got 6331183862 dacoin
block 252025 tx hash 47969d143d94be89cd672c070ee4cbb5f069181909fa3d32cd3cfba710993f65 value 113607500 -> 14292988127 dacoins
1HxMra2tkzjD4FmGWyBCJdECL4iiM9oGSk got 14292988127 dacoin
block 252035 tx hash 41221128684474ab667ea0a2b2d2191e3aeb24662f1be7cd51538ba39fc8bd8d value 16020000 -> 2013225295 dacoins
17xU8miooPMkdK9ZWuQr9NESpr38tHryjG got 2013225295 dacoin
block 252041 tx hash b9fb3df0b70d0303c8f1d1ca194be9a796012693a53c17f0e6f428b8adec9970 value 420000000 -> 52757493056 dacoins
15og4WXZPwkMnnsb3dj6HqgTUfcRLx4J9b got 52757493056 dacoin
block 252139 tx hash f0bdcc20283bb3d929365c558786400862221acc53ee8195ca11f51b38e170d7 value 2000000 -> 249558201 dacoins
1GPwJvMpB4vJPuMwHs9JDAZm9Lh66Y2qnS got 249558201 dacoin
block 252139 tx hash e5743a88fdd59c78fa1986bd9c2dee4ec207dd8a30cf1b5b4dba10e17ae90041 value 2000000 -> 249558201 dacoins
1PY5X3hbcy6timNa9CQJzzwLeJgvDJ4Dik got 249558201 dacoin
block 252203 tx hash 90c2d776636f341d72d464a4cd806d1e9ef5eeb6bc0d3278504a1dd259a88814 value 1474950000 -> 183263488609 dacoins
1roLMd1dT3Arpsq6sqjProZU7vtKL8cx1 got 183263488609 dacoin
block 252317 tx hash ab4adf577b9b88b264347b734dfce9d399ed985f76ca7c913338ca144238d3b8 value 60000 -> 7394243 dacoins
1KEr24zCxEwf4WAdwAQ8gy3grsXGfFPaGy got 7394243 dacoin
block 252317 tx hash 63c7eb7032645344a362bf729fb05217156d6d5d7e610e4e1953485dd1892d1c value 60000 -> 7394243 dacoins
15og4WXZPwkMnnsb3dj6HqgTUfcRLx4J9b got 7394243 dacoin
block 252320 tx hash 9e0b6bb921ff60de42125bd75c80ba68ceab3c649882fbd15d6f5190ecda0737 value 60000 -> 7392809 dacoins
15og4WXZPwkMnnsb3dj6HqgTUfcRLx4J9b got 7392809 dacoin
block 252353 tx hash d913902deaf4b64b7d8521c0f0aad9156200d58bec769fb0d6d15b636b4b2e95 value 200000000 -> 24601309524 dacoins
158qYAqDu4GKeVHDiTYA2xAu5Ew4sEU2Ug got 24601309524 dacoin
block 252443 tx hash daac3281efdfc35a2b49e47a21e270dc4003efe14833108f51e4a678b274b3c4 value 3000000000 -> 366663144841 dacoins
12bDX26J84x545pzfSZouULeqjfBtAe9Lv got 366663144841 dacoin
block 252465 tx hash c9b4ad5537eb90ccc71590eee2165abe51e10dc1385177bb7d665c5203d74481 value 50000000 -> 6098439153 dacoins
1oC8H1TZ7JLrt5iD5QtEpBa4p1Nfh8oXG got 6098439153 dacoin
block 252484 tx hash 24f604e12d73c60e22cc05b102e0c283ca4eb4cee8306ec62cd8ca756eb346f0 value 15000000 -> 1827629216 dacoins
1GwdoK2ep5sLGyeSuyHiXhJeQd3eogGjR5 got 1827629216 dacoin
block 252487 tx hash ce9899108a2f0d4633dfab183372da8669d35f646a2b9e7fe49564b3f1566734 value 500000000 -> 60905935847 dacoins
1KaM6ANCsKgFnsTRUXnNZzHT5ZLpnRsf3t got 60905935847 dacoin
block 252488 tx hash 1f18eb85eba2fc4cf2e288fcd8272ea97e90661a07b2f96f12d919eb8e1f7472 value 25000000 -> 3045177745 dacoins
13qJCzNQUx7dFcixjq9Rab7wPgUCtYS48v got 3045177745 dacoin
block 252514 tx hash 1b6f9fd39ed61b78977d2c5ee1974217ed8ac183bc0d7731072dde884b6a0ddd value 1000000 -> 121616700 dacoins
1ModAtK5caWTxktKr6EfnEsQQddfVGXaHX got 121616700 dacoin
block 252582 tx hash 407e0a6ae2986693c8e5d35b2e47f973af35239fc53e8561137ee5f320195682 value 50000000 -> 6056506283 dacoins
1Mt1tCGyJnD6SHzBgxtg6GRJLUhqQrc4ff got 6056506283 dacoin
block 252586 tx hash 37992e445c33dd74a1e4e00dabb6a66f16a5d39977a1f5fd1a6c0154e884eee2 value 50000000 -> 6055548942 dacoins
15XJoDF4xCUrWX3ES9ftWq3wnGhuRsqrLk got 6055548942 dacoin
block 252657 tx hash 6769187272ebe0fae45b8c0617fead121072e3447753fa1afa47c47d5f478cd0 value 100000000 -> 12056734458 dacoins
16rQVMZS9k6grNiMybYfznH2R3TViYNMC6 got 12056734458 dacoin
block 252673 tx hash 1780aaf442aa7912593cb29865ca3c72f6c6a177397d1e39caee8a284f364529 value 100000000 -> 12040770503 dacoins
1ModAtK5caWTxktKr6EfnEsQQddfVGXaHX got 12040770503 dacoin
block 252867 tx hash 6d918914ef98ea58a8db3860644b11ad891491eec2dc2469f8ef8f28075f0126 value 50000000 -> 5949003803 dacoins
1Kqy5J4KdYCYG9N7rWRQdq1wfBGmQiPG1n got 5949003803 dacoin
block 252881 tx hash 8eb5c46b49929406396d03bd4b43be2c4d27faa5f3398fb8563e0a0af71f73d0 value 50000000 -> 5944117890 dacoins
1DLyCnaUYVgux9L3MPWkH1VHQXTHoTUC9r got 5944117890 dacoin
block 252889 tx hash b204a0bda1b19b193b1a75150f351da7e224c2d5cd7794a51d34d58f8d3c4f92 value 12000000 -> 1425958333 dacoins
1FCVjvfKtLYpUq31S7CfMG9EqqEUtw2Pem got 1425958333 dacoin
block 252906 tx hash f369981b6b28d3f3fff35955c02771d44e5a7bde34a760b9dbe0bed575e4187c value 41000000 -> 4864758466 dacoins
1G4viUH23ktwEBoistLTmCvN2DuWeBfaob got 4864758466 dacoin
block 252924 tx hash 147687964b3fb41b869505a59a62c78dea78529db21f51439d5822096102add8 value 10000000 -> 1185397321 dacoins
1J7Pzq1MvS6ti5YV6dfJ4NW9iZU4uhMEj6 got 1185397321 dacoin
block 253046 tx hash c360b915bca5128b13bb3ac8df64eb111a0c3ebf407bd7e459e64fcf299e3529 value 200000000 -> 23519179894 dacoins
1AMgiLXpQ2rxtrVagtCfxjXJV44QumWNhP got 23519179894 dacoin
block 253056 tx hash fa4486dc136fc8a741b69b015bfb6f1f7ca1898d4b6ce6c77b5d98ba59b6b1fb value 60000 -> 7048753 dacoins
15og4WXZPwkMnnsb3dj6HqgTUfcRLx4J9b got 7048753 dacoin
block 253056 tx hash 79fe07d288e1db4d4e06b101ca13dc9fb6a656edc27927a159d4f589bb823702 value 60000 -> 7048753 dacoins
15og4WXZPwkMnnsb3dj6HqgTUfcRLx4J9b got 7048753 dacoin
block 253058 tx hash 16ae9fb54c0a333ad1cda5deefbb4ca75501f9b04b229e3d5d85a02d0a7a6b93 value 60000 -> 7047759 dacoins
15og4WXZPwkMnnsb3dj6HqgTUfcRLx4J9b got 7047759 dacoin
block 253058 tx hash dfa827e4ddfa12ab05a18f5aace980eba23b1299c3c51080004600a04a9ca74b value 60000 -> 7047759 dacoins
15og4WXZPwkMnnsb3dj6HqgTUfcRLx4J9b got 7047759 dacoin
block 253062 tx hash dc5c346e1b7ee7de135a34eab255afc48e2d9092553f32c1a80030e0438b61ec value 60000 -> 7045897 dacoins
15og4WXZPwkMnnsb3dj6HqgTUfcRLx4J9b got 7045897 dacoin
block 253062 tx hash bfadadcbf9e67eda7359d628645473ce7753d4048964d94340e4acfbbf15de5c value 60000 -> 7045897 dacoins
15og4WXZPwkMnnsb3dj6HqgTUfcRLx4J9b got 7045897 dacoin
block 253065 tx hash 546802255d4d07ff823cb935b02706563536606d3546e76e16bc945a9a2198af value 60000 -> 7044990 dacoins
15og4WXZPwkMnnsb3dj6HqgTUfcRLx4J9b got 7044990 dacoin
block 253065 tx hash bfe12ea222779c5892b5e5fb127ce4e709867d3cf160b95b189ecf4e7e92fda5 value 60000 -> 7044990 dacoins
15og4WXZPwkMnnsb3dj6HqgTUfcRLx4J9b got 7044990 dacoin
block 253065 tx hash 38f7a303cef730b8257684d9a2950f5e170c3d75cd81a6ef11250bff31ffb81f value 60000 -> 7044990 dacoins
15og4WXZPwkMnnsb3dj6HqgTUfcRLx4J9b got 7044990 dacoin
block 253065 tx hash 755c9a40f4b8b7558e571b832efdad05a81eba442cb25e81b638c0c69d38a12d value 60000 -> 7044990 dacoins
15og4WXZPwkMnnsb3dj6HqgTUfcRLx4J9b got 7044990 dacoin
block 253068 tx hash a1633359d7264ceefd3557ca96798cff77e357a472c72be65cef9a729ab77ad9 value 60000 -> 7044262 dacoins
15og4WXZPwkMnnsb3dj6HqgTUfcRLx4J9b got 7044262 dacoin
block 253069 tx hash 3db59c2699a6ac17cc70b4501c358adec9de7f9460e5b107509c30b516e2573c value 60000 -> 7043487 dacoins
15og4WXZPwkMnnsb3dj6HqgTUfcRLx4J9b got 7043487 dacoin
block 253071 tx hash 5ebd99c3c556df0cae23ba3918a651b37a614dd972ba215e56589133fa1148e5 value 60000 -> 7042318 dacoins
15og4WXZPwkMnnsb3dj6HqgTUfcRLx4J9b got 7042318 dacoin
block 253071 tx hash 0f7e5512c969cce01cd061913b6ca67c894d81cb418e4346a7775d1d7a23f6b8 value 60000 -> 7042318 dacoins
15og4WXZPwkMnnsb3dj6HqgTUfcRLx4J9b got 7042318 dacoin
block 253074 tx hash 183a85d19059557b2ae0aba3cf987943c83aaa79ec68d18aa261c9c6fcdb1fe6 value 60000 -> 7041551 dacoins
15og4WXZPwkMnnsb3dj6HqgTUfcRLx4J9b got 7041551 dacoin
block 253074 tx hash f90073ddf621e936f897b277325a6c09a9024d4e87ff6a42bdd0b0022edd04d0 value 60000 -> 7041551 dacoins
15og4WXZPwkMnnsb3dj6HqgTUfcRLx4J9b got 7041551 dacoin
block 253074 tx hash 19ae118dc686e532953457bf2258a84e49b238f521cdb2aa96466614b2a590a0 value 60000 -> 7041551 dacoins
15og4WXZPwkMnnsb3dj6HqgTUfcRLx4J9b got 7041551 dacoin
block 253074 tx hash 2829192d5402664962255b191d79e14baa56a088ce731465a54fbb3b9c9527f3 value 60000 -> 7041551 dacoins
15og4WXZPwkMnnsb3dj6HqgTUfcRLx4J9b got 7041551 dacoin
block 253075 tx hash 85949f5d508249d0f0d80bb4e69fe7f096f0a640ec0078a23fbbcc8206965738 value 60000 -> 7041237 dacoins
15og4WXZPwkMnnsb3dj6HqgTUfcRLx4J9b got 7041237 dacoin
block 253077 tx hash 4b6e83e9a558a1949ac39a9aa274238ee793248548c642c085ebf11c4df05589 value 60000 -> 7040591 dacoins
15og4WXZPwkMnnsb3dj6HqgTUfcRLx4J9b got 7040591 dacoin
block 253077 tx hash 0ce5e9eaa64e4aa0873720edc9b251d700cc9164e95396bbf995d84d49d48e67 value 60000 -> 7040591 dacoins
15og4WXZPwkMnnsb3dj6HqgTUfcRLx4J9b got 7040591 dacoin
block 253077 tx hash e483f444e74d9fe6725b1ee3ea08990b3d83fca7ca4cea430719b7fa89f1c1d4 value 60000 -> 7040591 dacoins
15og4WXZPwkMnnsb3dj6HqgTUfcRLx4J9b got 7040591 dacoin
block 253101 tx hash 7a0aea9d1425de3325ba3fe5a65ee4608879481321cf78e099b5f0c31645caab value 450000000 -> 52709918155 dacoins
1EDDiekhvJVCZpfrYSHPCitnzLgrXUXutt got 52709918155 dacoin
block 253365 tx hash 59359127365c6caa47bea15c93680c1e7ba62f0ee66bf8a069ee4a7d59364185 value 200000000 -> 23044887566 dacoins
1BMpnWtwT8yCaYrncb2K9HCeE1NMQKX5xv got 23044887566 dacoin
block 253462 tx hash f1c138adf8692f233108f7d77dd290b0cd7d92d4fa3b4dc7f9d683d9ff701255 value 5012500000 -> 573773946346 dacoins
1LX1Nv7C6RnR18ir3r5GrmyVvG1yy2EnRa got 573773946346 dacoin
block 253574 tx hash f3d53688fea3ec79703ebd70fc84b551f1cae3436c96a217115abdfdf36e41c8 value 500000000 -> 56848875661 dacoins
12VamRhmcgsWWKWdNuzWqVYTvnuk2Dsx9b got 56848875661 dacoin
block 253677 tx hash 4f06eaeac398df7c6808bb842ad0eb8092070a3f5832b702422c36f7222cc21d value 50000000 -> 5649682540 dacoins
1B6cMHmdRnGgsAGzyBv4JeBjoxXgcrigk5 got 5649682540 dacoin
block 253728 tx hash 22f21fc24f65fe33ba15656f2f17a0b2d73f6abb5848f6a004120291ded23cd2 value 5000000 -> 563429563 dacoins
13qJCzNQUx7dFcixjq9Rab7wPgUCtYS48v got 563429563 dacoin
block 253853 tx hash 96d32ba54f56ae3a63afc16f8cdc70b741f37aa5d80193118c5eabf65f6b2107 value 25000000 -> 2795608052 dacoins
1Kqy5J4KdYCYG9N7rWRQdq1wfBGmQiPG1n got 2795608052 dacoin
block 253962 tx hash fdc0fb67a798353c961a722d2ac9b9b4f238b6e8559bb3956f2195ab8294214c value 3000000000 -> 332956795635 dacoins
12bDX26J84x545pzfSZouULeqjfBtAe9Lv got 332956795635 dacoin
block 253977 tx hash 10dced7b48aab2743fe620ea5a2ee77bde97e92b2346683b561a1f4ff1a889b7 value 50000000 -> 5544255126 dacoins
19feAR37pguLwDyEMc8oiW2WT4esrgR5z6 got 5544255126 dacoin
block 253980 tx hash d9c6f037fd056fe4f812d9c78509d4674a2bc6c924c03e7440d677d07ad69614 value 2000000 -> 221693981 dacoins
1DSeB9NW2VDeG26Th4fmRGMf6sxww215mZ got 221693981 dacoin
block 253981 tx hash fda45bc5330148d353bd3ccf233342a7bcb2d2019bdb46cfd27dc0576c697f44 value 28000000 -> 3103611111 dacoins
16P9gkfoX54maGbX6x7EHz1qnY4n8d7rYh got 3103611111 dacoin
block 254027 tx hash 2b71210cc7d735d943e5836cafde4bad78ded2ecbfd7854b64a8b4deaf32f231 value 50000000 -> 5522609127 dacoins
17UDyggWFP6T3tUPTUEHMU8gxRtLZHG322 got 5522609127 dacoin
block 254031 tx hash 9fd9c756bca3046f5352dd9a549232e4ccbf2a95b6b15c608f962db4e01203cf value 50000000 -> 5521622024 dacoins
13PosdpaGPQTQ2TUkr37djsHqshpJ8k3NB got 5521622024 dacoin
block 254150 tx hash c2da73da1822f58b07986c995fac590a5e4659deb685933886980722f4615ad9 value 1400000 -> 153047593 dacoins
1CQqn1Rx55B5peP7WoucYFMptqM3ASZB6W got 153047593 dacoin
block 254153 tx hash 5958db9cc1d3fb98edab0ba0a8574401835fecca05eed24b6cfd428b9900ed3f value 234657797 -> 25649001234 dacoins
13NRX88EZbS5q81x6XFrTECzrciPREo821 got 25649001234 dacoin
block 254156 tx hash 65b5cea9cf575625f69505e5dcc30bec69506121a1bd256b73f28f77b1d0f424 value 300000000 -> 32783859127 dacoins
17crSnfzrevwmqQo7QavEFr4QcaYujbosE got 32783859127 dacoin
block 254160 tx hash 4c55c968879d01c4daf3b247abc338c72987fee606be15d4a1c46d7e8e499e2b value 99950000 -> 10919496185 dacoins
13P8CSqRoboefrNsXKZieWYtZhJ4KcQHhH got 10919496185 dacoin
block 254165 tx hash b77834021121867985c77d78840f97061a91cc7fe4c9f70d242698ff74202330 value 50000000 -> 5459414683 dacoins
1PBk85ohrvbiTpDCMxjufAbFfCg3ZdXn8e got 5459414683 dacoin
block 254167 tx hash 7013fed1ead2efe9fb383d67c95543e949e752a052721829b97a23247a130616 value 100000000 -> 10917018849 dacoins
1MxAnJim7cxBp6qwfcF99xiNGggTpCzWJd got 10917018849 dacoin
block 254168 tx hash c858f6f09135ea9d33cc7b7401763e195c4e146239e60d4f9f8de2d0ef8b126d value 123000000 -> 13425348313 dacoins
1LB2AZvQrLaBxti8gkUHRfZ94oKF1dQmQS got 13425348313 dacoin
block 254172 tx hash df9929f9edfbbb7e376cee9d58e59ff4f7af6d56e65a1129bb5835b0d749bb92 value 40000000 -> 4365305556 dacoins
19AJ7rVbFeeyeoWjjWm5xrGaoTwPH5bLpY got 4365305556 dacoin
block 254173 tx hash 26742323a81830d74ba6bea87a3040170ab5be2d6a268f79ba8af9a78e17d68a value 28500000 -> 3110204340 dacoins
18chrWPjs9ug7Xq7xDiFkqbe9A8KQdG7eH got 3110204340 dacoin
block 254173 tx hash b3e3971ade0a90a0df0a9ae8261c17582d603383d5551e45d971dfc0d017a1a0 value 2000000 -> 218259954 dacoins
15bPHecc5crhXxLnWy11ED8epfGqeBeS5t got 218259954 dacoin
block 254175 tx hash 57e0d8095ca36bfcc57db22355838737337f584950419fddd07e85a936dcbc41 value 23450000 -> 2558251539 dacoins
1MTdEJZoTRbHyUGMjkQZWYBXMcusxkxLLR got 2558251539 dacoin
block 254179 tx hash 92499dc553bf6e24fb56a2cc7557ce2b093f24c3a76237a2630d5613db8491e3 value 124838792 -> 13617761380 dacoins
18XcsA9AQQRWaFonAWECg6W1zZsmgYjioY got 13617761380 dacoin
block 254186 tx hash f30618b96d377047987b8a7c36777666d15dc9267a01b102e212720d94170dcc value 3000000 -> 326956647 dacoins
1B2aZeoqGVrZUJg36waug8dNiDK7yX4JoT got 326956647 dacoin
block 254187 tx hash 5383018b76109c5f0c971b90e69e17e7e4c943c166be86d37b4e714a75f7f74a value 300000000 -> 32693640873 dacoins
1MR9wDhmKVRDcVcpm2c4BB71SR9yTYdBvg got 32693640873 dacoin
block 254194 tx hash 5d794861e2e5098d187b20dcb3fb5ed11844d7b1cf52bd896a5af0bebb3e7355 value 100000000 -> 10892384259 dacoins
1Q2kjs7MjWgCtf8CfVkXHUkAeKbaMqrK9R got 10892384259 dacoin
block 254204 tx hash b207ac3172506e4c896f3e463098d5204f33e8efef6af8b5df1692fa492e1e8b value 50000000 -> 5442049438 dacoins
1Fi5NGyKoLu1RGveRs9VvjRpVq3kAAoqMa got 5442049438 dacoin
block 254206 tx hash 36b063842503a2b8f82dd04dc8cea8d52c79797117eee18c799701a51d70048c value 100000000 -> 10881421958 dacoins
1ExeGhKKnTwMps5R8d4PyKvdp42dK8cKpx got 10881421958 dacoin
block 254211 tx hash fad2ac5469dde89a9033615ba46eeded090e1ae1c1b6c3c2bdc126058ab31ffc value 10000000 -> 1087679398 dacoins
13x2dka6tVhjsNNNomGJjUPi2iJQCb67bw got 1087679398 dacoin
block 254219 tx hash a6e12b31c102331e6822768932efe1da23c0068ec86bb99a3ae58ae75a112a89 value 35000000 -> 3803219329 dacoins
1HHTyQWtA8Y93CAGSHZ134yBErtxUoDAYV got 3803219329 dacoin
block 254249 tx hash 07e2cc8195c14ec822756140cf9fbfaf1755b948768b6a79ce333daaffc80acd value 101234500 -> 10974594793 dacoins
1CsG4xVTbJe37gZioPTvPReaoUtWdBBvsq got 10974594793 dacoin
block 254265 tx hash 50c4d7abdd230b8f3e2e0e39db4b2cf87d9bad985edac449f1b9cc6f34261713 value 48985203 -> 5305650674 dacoins
1D5bcwsAvw8nNb66Pu2nw9BZyfg6kkUtUx got 5305650674 dacoin
block 254274 tx hash c2d5abe2822b891d6aa6edb4b9a379c3c137f3a3bc50808473a12ebfe8aed175 value 199950000 -> 21647609231 dacoins
1MQCRE2ePC1M1AgseWar49ncY1Dyk5MGWN got 21647609231 dacoin
block 254285 tx hash 22a9c6807133e9743f19e7e484cdf49f67caff945d718250484c734c4d1b6bb8 value 50000000 -> 5406375661 dacoins
1Fq37GNfyxSvnmye3QdxH6GpPAQ3enarfs got 5406375661 dacoin
block 254288 tx hash b954b9d1d8f5cc2f2e921cb8fe42adf8023cb63d77672d47d3ef0c0ebf17c4ce value 8960000 -> 968603407 dacoins
1J7Pzq1MvS6ti5YV6dfJ4NW9iZU4uhMEj6 got 968603407 dacoin
block 254290 tx hash 4d316b339334ae1cf8b89080b4bdc760628c9b6b73348eb145e209e11194c0d2 value 164340000 -> 17763374193 dacoins
1PVKjb7QQKRZ1urGPmf7xz8ZgHJaqZM9DJ got 17763374193 dacoin
block 254291 tx hash d70e05e99ed1ce555f59ce29ba53107f7ab90609063ca7a0097be4fdb9e12045 value 102613607 -> 11090075859 dacoins
1A14hK16TgHCYzyqHm2VNZDe8ShYuZ981x got 11090075859 dacoin
block 254291 tx hash 77c1623e1e9414d40f14db09da182c25fdb961923ef07a1184c21070681b360e value 500000000 -> 54038037368 dacoins
1Ki1Uxc1P1HRfk7Awq8ayZghzwGCsYWe9o got 54038037368 dacoin
block 254292 tx hash b7b67ddb011a3673486c346f78a719fc1bef9f7e4e374c045b4f4e3a6cd66c0f value 150000000 -> 16208444940 dacoins
1HLdSSpvRDcAyD9k91yS7X9o2jaJiKeqp4 got 16208444940 dacoin
block 254295 tx hash 0c0e54e2b770e9e509054883cb29770e3c8a431630e213c28fee5ebc89c8def0 value 1000000 -> 108048843 dacoins
1EnVK4yMdfAQHoJ1q2WBSFXxbwERoeNfYc got 108048843 dacoin
block 254303 tx hash 054c557d68d16888a991c14f49e5b4fda6b4fe5de2813291723881b906f3ecd5 value 99800000 -> 10775650880 dacoins
1EaMiS5stT6FKGEEWQCY3X3ujci3m5MP2m got 10775650880 dacoin
block 254315 tx hash 0f7b9ed1d96e5256ccdc2b6122ca0f3c20f79c5d95d048a72aadcc4e45712c80 value 50000000 -> 5391898148 dacoins
12sVF4gaKPk1kmGaG8XxtoqgLMxWXr6ReE got 5391898148 dacoin
block 254320 tx hash 37c879c64cb5d80c12bb299b82d48f45f5d33ed08ac48aab661d89ac67d4eea2 value 10000000 -> 1078119709 dacoins
1LQBddrjjUaMLHcd4cG9XnN4cCZbHfREJF got 1078119709 dacoin
block 254324 tx hash 45ff9339a33f13a811232d3ff11f685b8ca181c55ac1150e6e01410005b9b7ab value 50000000 -> 5386860946 dacoins
1NVwVUhm4tHxpGZg6AMSNmxYMUwkyQe1fn got 5386860946 dacoin
block 254330 tx hash 97d94e76455b23ff35bc8597770a9a6942cff38d68b0705984f334f66820e066 value 100000000 -> 10766020172 dacoins
1GXnFHXZ5FAqWYp2iT1rpnLm3XAiAh2fuq got 10766020172 dacoin
block 254336 tx hash 098d5d74587e32c369ebd43d952cb2adc6dff03efd1a9968ed602969d40b587e value 100000000 -> 10763224206 dacoins
1x9K9xAft1e9D7e1biMp77JSPQXUtWDwM got 10763224206 dacoin
block 254338 tx hash 420ed27923b2621d4e7e5cba1fe6944337270740a3a2af3acbd8aac0a74fcc5b value 300000000 -> 32287207341 dacoins
18Se5aMNvhYTJoVT4bARcJVVT51mHBwjbJ got 32287207341 dacoin
block 254351 tx hash 3c704437f60dbc7a8d196d234d66b5b1cbd9b0cbfc403645419e28b9ea9b15d1 value 4472135955 -> 480998334741 dacoins
12SdZk7Gd19zbvQZDF447PpHSpGY5SGYE2 got 480998334741 dacoin
block 254362 tx hash 0877a5f0ab220a42c16c31f51bbfe339218637765e36139e4abc8ccbaa32d84a value 5000000000 -> 537222387566 dacoins
1NQSMowgQVWprE1dwdbzTwCfFrVXK6sUh2 got 537222387566 dacoin
block 254364 tx hash 42b9157bbe2fe30d298244391fe20a99532814dc71f67752af534bc8606b0234 value 9900000 -> 1063476071 dacoins
1RavenHqiZ7euZ1ETKkKP74h5SPLovdF6 got 1063476071 dacoin
block 254365 tx hash 247d87270e9879cc4db31fe46841d2a1835db77c07c8829843cfb27d181abd90 value 99960000 -> 10737222903 dacoins
1MR9wDhmKVRDcVcpm2c4BB71SR9yTYdBvg got 10737222903 dacoin
block 254365 tx hash 0735b89ef909fced5eb9818c35bba57f15c072e3e289b013b87658bd96b5d44e value 100000000 -> 10741519511 dacoins
18YwerNLcJhn1ZC55yoiYHevuuobmW3Pww got 10741519511 dacoin
block 254365 tx hash 20e5b8b7b408a433fff1f39fbd4ae4b10de1cdf8b6dd9f31453e0fa14cac3f78 value 441750000 -> 47450662438 dacoins
1RodtRU2EJ7DMgZCjgznivm5yqoeu8Lgh got 47450662438 dacoin
block 254382 tx hash aa7997efbff24a69c190bf1e8fc92a135b7d3efb593746a9acfd3b60edb5d43b value 500000000 -> 53649818122 dacoins
1Ki1Uxc1P1HRfk7Awq8ayZghzwGCsYWe9o got 53649818122 dacoin
block 254382 tx hash b91ebba6649df4ea6bc98d412238b8cecbfb75ce6f680ac8d37d15f1314f3c74 value 6000 -> 643798 dacoins
15og4WXZPwkMnnsb3dj6HqgTUfcRLx4J9b got 643798 dacoin
block 254382 tx hash 012e60064d48dcf1757e69c0fcd5ef1c0fcaffe0b0ce0f953a25f13ea4bfeb25 value 6000 -> 643798 dacoins
15og4WXZPwkMnnsb3dj6HqgTUfcRLx4J9b got 643798 dacoin
block 254382 tx hash c7447cf2a33617aed6ce7ff6778a6cc6107a66180f70c53639aaa5ee7db9a26a value 6000 -> 643798 dacoins
15og4WXZPwkMnnsb3dj6HqgTUfcRLx4J9b got 643798 dacoin
block 254382 tx hash d10c50c7c12fe6cae4154610f38f1045ec08d10402c1b506bd9ec5fdf5f2f294 value 6000 -> 643798 dacoins
15og4WXZPwkMnnsb3dj6HqgTUfcRLx4J9b got 643798 dacoin
block 254382 tx hash c0ec94d6154edfa1dc250237693b74cf282695bb08042dfa6f35d5c7dfae5890 value 6000 -> 643798 dacoins
15og4WXZPwkMnnsb3dj6HqgTUfcRLx4J9b got 643798 dacoin
block 254382 tx hash cdfd4bbf985eefd5139cc23ce367b6a7a7fef0b2d3f1f72baf86ef3b37b61398 value 6000 -> 643798 dacoins
15og4WXZPwkMnnsb3dj6HqgTUfcRLx4J9b got 643798 dacoin
block 254382 tx hash f17d988c49732a1bb9f3022a4bb9f08daa256f7ad0a56ff1d517f49f278a09e3 value 6000 -> 643798 dacoins
15og4WXZPwkMnnsb3dj6HqgTUfcRLx4J9b got 643798 dacoin
block 254382 tx hash 1bce28bd47ae7622b16acf7736f18d4d83fd48eb7a61f796c08aeae1a8e3709c value 6000 -> 643798 dacoins
194iAz9vJw6tXbxpVZ22YWaYyWDL1QCBDz got 643798 dacoin
block 254382 tx hash 7d4eea4e30000701c730a06ba1212299a8b7be166202861f16eecb18086cb5bb value 6000 -> 643798 dacoins
15og4WXZPwkMnnsb3dj6HqgTUfcRLx4J9b got 643798 dacoin
block 254382 tx hash a2421fa6c90e253bcf6d2a3e7cb7740fbabb2bee51b5d07031ad1935b4990a19 value 6000 -> 643798 dacoins
17uK6u4nTbWv3h6WNKg7ejxmgXvy4qebBY got 643798 dacoin
block 254382 tx hash 4452003746886e1517da78419f39a8403b5896567ceb94ba0851dc1411fa637e value 6000 -> 643798 dacoins
15og4WXZPwkMnnsb3dj6HqgTUfcRLx4J9b got 643798 dacoin
block 254382 tx hash f993be9813e409ee1ce42b14c444af65b789350abe412fd2f8a289082b7b4870 value 6000 -> 643798 dacoins
15og4WXZPwkMnnsb3dj6HqgTUfcRLx4J9b got 643798 dacoin
block 254382 tx hash 75a33ab549f1980b2a10bd8b5641e01094dcfeaf5a116a82bdd48a4bb3c5c02d value 6000 -> 643798 dacoins
15og4WXZPwkMnnsb3dj6HqgTUfcRLx4J9b got 643798 dacoin
block 254387 tx hash f4d70ec5b506237c46c423d548226dbb6dff34db959c6855cece079839057ca2 value 50000000 -> 5361550099 dacoins
1Bqp4VEweM1S8FKGHWYviRRtSxv5tMAVih got 5361550099 dacoin
block 254390 tx hash 0f77eb9754f6c1918a772a1dace0a5678638e13abed7c15e7985de9d404f2ce7 value 169010000 -> 18120686039 dacoins
1BhHGLm843e3kXyMoWr64UBq9Kh8upAY6K got 18120686039 dacoin
block 254403 tx hash 5bca0a59e0fd11e84d85a5b99958d0b9e99f2aee15c8d6cdce7cc4bb767d27b7 value 100000000 -> 10710864749 dacoins
1NZCgBRmEcidNNNCWiccVDEvVRkV2CD7q2 got 10710864749 dacoin
block 254405 tx hash ab9d821f9074206834e90bb30a18dcccc9c43b41c184f4724706a7129bbc89d8 value 12000000 -> 1285254365 dacoins
1GhwyPsMn2H47vWjJBAc5skZrdcWsyMDZL got 1285254365 dacoin
block 254410 tx hash afa29842f1f45a92e38f8f4513fea495eb15d4e83567fcd91cee61e1671a2615 value 1030056648 -> 110273405925 dacoins
1CQhTj5tAtvzGti2oUiBqF2D8gGvGkJbTo got 110273405925 dacoin
block 254411 tx hash 0f68401f63c06f03b875b25b68e7887b0aa875c0136b1e4039f2905180769679 value 100080000 -> 10712380845 dacoins
1LjT88X7Zu8BdbqJw8vfRa83NJuzYL9kqm got 10712380845 dacoin
block 254414 tx hash fb49eebdc1b6cd0f85352c13fd0fb5d5a82307501528a4f0e6f137f6768377f3 value 100000000 -> 10700200066 dacoins
12LSJoCAqvVQyvW5qaKGp6ZKMaaZpUcCv3 got 10700200066 dacoin
block 254428 tx hash 9b7436618ba42bee9ccb1923967d21a0d8004b4ae9da5def2e3af82bb6db3376 value 10000000 -> 1068916501 dacoins
1Kqy5J4KdYCYG9N7rWRQdq1wfBGmQiPG1n got 1068916501 dacoin
block 254450 tx hash f148a7d00d65935928cc6a95e58fe91659089983bf096cab26b20ad25738bb7a value 59709703 -> 6372438084 dacoins
1C438zHsaG3PZfjAdo3dwS7UrrHsBa7iUb got 6372438084 dacoin
block 254453 tx hash d2585246f92f4543de41d72fed3111286b79b3a2581f9e340458294167e9591f value 75000000 -> 7999849950 dacoins
1NeVKGMiNZ6fuoZmVRthTBNw1cJ3MGevwU got 7999849950 dacoin
block 254455 tx hash 894feec39a7358d839b61d77e4851885fa1958dfc5e2d7ad6aac89df31c1c5c5 value 50000000 -> 5332780258 dacoins
1NeVKGMiNZ6fuoZmVRthTBNw1cJ3MGevwU got 5332780258 dacoin
block 254460 tx hash 2152c777a44d40f98922eaa52ab27f583740874272c44fae6e1ca8c3621d0986 value 100000000 -> 10662311508 dacoins
1nuMbaCBZhDsEe3oKnHY7FtFUtbd1fckf got 10662311508 dacoin
block 254466 tx hash 6e027a05674c78e2cf7c6f0d2d1d61f7527ee62e496a2bfcd799dc301f1f42b4 value 121950000 -> 12994790766 dacoins
1Gy2XEo7aF4SsTAjz6ZWfdkiRnDuNpnMP7 got 12994790766 dacoin
block 254467 tx hash 7520fb8b8e86e80a45e426aefee35a067ef611410831e5fb3b992dd3aa4407d0 value 500000000 -> 53274413029 dacoins
12VamRhmcgsWWKWdNuzWqVYTvnuk2Dsx9b got 53274413029 dacoin
block 254473 tx hash 4596af234177947b3a4d38282dbfec1f07255ca0de80d5d595b1bde8977a7085 value 100000000 -> 10644222884 dacoins
1CFQgs77DDuixrNYqkj4RoQGrSgJmVcaiH got 10644222884 dacoin
block 254475 tx hash 3e12ac69e7bdf08e141092fa2d33069ed3dc6cd27f07a57f54858397991987fb value 99950000 -> 10636585462 dacoins
1EfH4Sz6CKxpq8svB2ZfuYqNxZo1jHuwsx got 10636585462 dacoin
block 254480 tx hash 957c9bb02d2d7299fce59b809edf84c31a537b9c9f5e636e8eacd966f878d95b value 514000000 -> 54686718948 dacoins
1LLnRXbnVuq7h3Dtap64wXuw76nnjPnjYi got 54686718948 dacoin
block 254489 tx hash 407b1385e8a3c332b559a50fad0956c8f853a939e86f4662beed43d5ada8efa6 value 500000000 -> 53168692130 dacoins
16QkgycuGwFvwQ8oZ5cYHgVjDNSavcwovS got 53168692130 dacoin
block 254491 tx hash f16b61cca7008fde0cd0fda5b8fa403ea8453e04408090f7b037eb067680613c value 15001000 -> 1595070121 dacoins
1Kqy5J4KdYCYG9N7rWRQdq1wfBGmQiPG1n got 1595070121 dacoin
block 254492 tx hash 468ee7bcfad3f850977e81ea1358d9c7fb924aebf3cf1647934a929f6cb2e8ed value 750000000 -> 79739136905 dacoins
17t1avq2qk3R4Q3qzSZgjj1FihTgS5JgvY got 79739136905 dacoin
block 254492 tx hash 6c874a43881fc0e6c9931a3658def848cc95a60ae109dbecad95d706cb687522 value 300000000 -> 31895654762 dacoins
1NeVKGMiNZ6fuoZmVRthTBNw1cJ3MGevwU got 31895654762 dacoin
block 254494 tx hash 81932b2794a6c315dab5f0eb201631b94b52576acffc0bfbd32989824f653ca3 value 500000000 -> 53157349537 dacoins
1eZwsyQJbUhQduw1TJcWTbR7HjnbLgQTs got 53157349537 dacoin
block 254497 tx hash 1e319b1531794d6f2eda0cee2bba1ecfc30b84394a5c0e82420df6c2a8b991db value 30000000 -> 3188535218 dacoins
1JME1dvN2zAAgXhXPnWSWFGQ4Z1iHALFj9 got 3188535218 dacoin
block 254498 tx hash 7620192480e230b30a7eb3130208e306e40ed7999145df725b08d1141207ccad value 100000000 -> 10628277116 dacoins
1BFqkdUDwp7k1Qa43vmSWEfj6gaoUVswwZ got 10628277116 dacoin
block 254506 tx hash 31cc92f5620028f6afc4698737f9a04df5b2ab1de69a1ad3f22b11bd09d350b0 value 100000000 -> 10624208003 dacoins
1JME1dvN2zAAgXhXPnWSWFGQ4Z1iHALFj9 got 10624208003 dacoin
block 254510 tx hash 3845c03b0075d0a32b7da966be4249f2eb8fb96da6ac773dc1b7d77d6574d7af value 20000000 -> 2124172288 dacoins
16DQ4vNFBij4zZ3CURpgX1CCmxSw8yrZdr got 2124172288 dacoin
block 254512 tx hash 9d507ffdf8bbe6eadf37287f5c2d4dc23835c0af0f86a0022fa63380a03b7b76 value 300000000 -> 31854761905 dacoins
1AMgiLXpQ2rxtrVagtCfxjXJV44QumWNhP got 31854761905 dacoin
block 254514 tx hash c9c4350fbafa9b2e971c136a852c42adec9dd3ef0c997227d6996327c0607761 value 199950000 -> 21224580094 dacoins
1KZmDQGzGJWYmPP9X3b7TA9dY91KBXgaG4 got 21224580094 dacoin
block 254520 tx hash 130c5175d4f3e9add03bd1d115a87b26e613293fbe3815b970f8fc830f018ebc value 50000 -> 5304715 dacoins
1KZmDQGzGJWYmPP9X3b7TA9dY91KBXgaG4 got 5304715 dacoin
block 254538 tx hash f66fb3cd3d95ecaebcb071382644232b62cf6ed2fb448b2313635a690901e937 value 26000000 -> 2755469940 dacoins
12cBdcNSBHwhJy4oLWzWne2qGu74PsbhTT got 2755469940 dacoin
block 254550 tx hash 781a9f65e00aa120e52587b33ba26f3d561ffc23dfc01faf24147e69c8907618 value 500000000 -> 52958903770 dacoins
19PeRXtHfA9qoQ6MFkR2U7QEFTfdSckE1 got 52958903770 dacoin
block 254557 tx hash 1fb1836e750025aea7a66425787dade93968d027fccc8ec1e91caa9e28b40b10 value 100000000 -> 10579720569 dacoins
14FF284GJ7d9m7WnkhiosFLvwLQ2pqPFTG got 10579720569 dacoin
block 254572 tx hash 9346d424e3c4f4d6868a48f1a9f04baa6a935ba420e9480734c849566f648b6a value 78267380 -> 8271059380 dacoins
1RjrXzEhSsbTMYw2XJrvt6fSiKU9mGeRZ got 8271059380 dacoin
block 254581 tx hash af0dabbcb2003db3ba97911bf200f42a7045bd77ec8310bbd89417b78dce05c0 value 390100000 -> 41189316096 dacoins
17nnHLr8gKn6quWJo2orbkxgPj8Y9vcMZj got 41189316096 dacoin
block 254606 tx hash f197b580d492d07115113b8591d6462327e946bc59fd34c7bf317bc9b28eb8e2 value 200000000 -> 21079411376 dacoins
13CsP5SArN7fPXcXkcH331PPEuzCXdo5i4 got 21079411376 dacoin
block 254611 tx hash 1c2c674ac9375a6653e55c54e7da27d7d73f560c47269b6ac6e80545c675c8db value 100000000 -> 10535380291 dacoins
1FC9RHREEsUszQHapstfkFcHVwv9ye2QpR got 10535380291 dacoin
block 254619 tx hash fb461df383e9d08875b75b5cc335218cea1983d0b1f5539d62ec43a193750687 value 200000000 -> 21042979497 dacoins
1VP9VM2Kk9SNLRDTJzsEe3WtoKLwWfnmc got 21042979497 dacoin
block 254628 tx hash 05d709a3c50c9109fb551bf34faf60eca5e373cce8df420663890ba3e1d77898 value 205000000 -> 21555312748 dacoins
1Kk6eLpM3cpgC4NEzXLzjKvdndd8bPox6f got 21555312748 dacoin
block 254637 tx hash e2a2ada035f096ddccd60925f6c051aac56be7ccfe0865453ff7b28fefc02de3 value 300000000 -> 31535004960 dacoins
1C9RKyQ9X77iA6ARd182dRyGiacedGwYec got 31535004960 dacoin
block 254642 tx hash d621a3a0c66cede64dc2e7a3fc2c4b77aebf67a6ea17c1f9042fa51f00437ae3 value 249950000 -> 26263277213 dacoins
1MWs4JQHn9aY9BQXXqV9bnSZVX3Ecggz9i got 26263277213 dacoin
block 254642 tx hash 5f01def181b761f1d03bcd20590c5729a47b11c68955b364add9253d7aec5eb9 value 100000000 -> 10507412368 dacoins
1KZmDQGzGJWYmPP9X3b7TA9dY91KBXgaG4 got 10507412368 dacoin
block 254643 tx hash 1cce29a19b070c711231fa74c74a0b815790700450c60460ae6f747aa272f804 value 238900000 -> 25095844590 dacoins
1L83XWGbddEyabcipQNdcibc8q7pJSorYC got 25095844590 dacoin
block 254661 tx hash 13eb6485cee4786dd0e0184dcb1f28a32e5efaa357d6daf0e85e18906072087e value 349950000 -> 36715888383 dacoins
1EZnzK4XPwRjAGqyK6oQmy7NpT6uDhWf1U got 36715888383 dacoin
block 254661 tx hash 6b835d8ddb5036a5c9927d929c6a4035638e19cb9ae9ad80fffa13f389541e14 value 99684370 -> 10458637527 dacoins
1EZnzK4XPwRjAGqyK6oQmy7NpT6uDhWf1U got 10458637527 dacoin
block 254663 tx hash a61bcf97868a87c1f6cd1f98d206495e2f2d5773a8789f2f2682bfbac98586b9 value 75000000 -> 7867937748 dacoins
14vTNM7pZiG6qZbmf2A8J1x9wLdYTHvcPX got 7867937748 dacoin
block 254666 tx hash 542266f396e8d6725761788cb1e873ac9cccef1e5ec58a7554e6e95cbdda973d value 10000000 -> 1048728340 dacoins
1JMKBtZbqhZFbJ9GdFdupTy4tGd2Q797JJ got 1048728340 dacoin
block 254673 tx hash 98fb65296e54b6e81e44f97c9818d81b79c512f0b9371333d135cbfccb705a3f value 10000000 -> 1048099041 dacoins
1AgZvwAoNDFGkQYEF193RAm3qxipWAEFAH got 1048099041 dacoin
block 254674 tx hash e667b5e8dd3d6f88fae52384a8ec21194cc0675054f8f21ef21d105b1dae2bbf value 100000000 -> 10480669643 dacoins
1N67g4FERNdTrSTrRUcXCQPSyk1LW2ybHW got 10480669643 dacoin
block 254676 tx hash a7aaf93b455cdf4d6d65fb92a743c369ab9e95dc0a28fecddae943800d559a58 value 185000000 -> 19385907738 dacoins
157FxpGB4ds4sXjSjXqwAXk7WQQSAojNFJ got 19385907738 dacoin
block 254680 tx hash dc745152672879823402844a678fa1b9935fe79050c938557ba30d96188cf58a value 100000000 -> 10476380622 dacoins
1donutMH4L7kdRqh4xvSvesfd3KFu3UNm got 10476380622 dacoin
block 254697 tx hash cd72d0f17ac800600b9bb4ef758472ca709bb9eb4691b60251c937de81bd80dd value 1660000000 -> 173674178902 dacoins
139Dx25QXHBJD1tfLQMwASAAJrWFiM4BPz got 173674178902 dacoin
block 254705 tx hash d67076ffa5ee9b3816006e5147966fbab5308a221b3d626c2c6a7320e0823ab4 value 125000000 -> 13071480241 dacoins
18XV6qXP7U7HV22Y1PajAiuLfGbkBc3Jfg got 13071480241 dacoin
block 254705 tx hash d7ca46d71087fc50ac120ac012b23a6ac6f0a855758f1ad546b8c300fb7ddf52 value 125000000 -> 13071480241 dacoins
18XV6qXP7U7HV22Y1PajAiuLfGbkBc3Jfg got 13071480241 dacoin
block 254715 tx hash 592403d02e7d47d6b35b157094c9e8d2725ed88e4156367bc5a42f16b5341030 value 179950000 -> 18801716326 dacoins
1FriA74vipRm9QGQHoWREHHNTBJtS9tR1k got 18801716326 dacoin
block 254716 tx hash bc4004a0e5d109662403ceaf27afa6a2c7e310ece7e529d7dd7ab9b0c37d1ca7 value 20000000 -> 2089444444 dacoins
1Pohx6GPsnvnEsYWRRdaK7GVAUkHW56R2K got 2089444444 dacoin
block 254724 tx hash 9e2a7d9583753ae375c37055e0f91d8d94774533d374692c97fed2b7f72c8ea8 value 1500000000 -> 156612276786 dacoins
1AKQX7Qso4UQeAPD7rPWnDAQr43z6eByui got 156612276786 dacoin
block 254727 tx hash 7f676c9cb16e34017c896b84039d510e2d979c50e7fcf30e8457c24304ab58be value 42000000 -> 4384533333 dacoins
1BCMago5NxA8ga9GBDur8SRbagacvRhmU1 got 4384533333 dacoin
block 254735 tx hash 9773ae315fb8b385c9abad381aae3d23a0f568f8f16cd640bb7095eea2371739 value 2000000000 -> 208675000000 dacoins
1FLyLEzRvV5ucRaHBcXfhqSQnwjsnCaVhH got 208675000000 dacoin
block 254740 tx hash 14bc65df13250c8408108889e6ddab8a2ce69adcaaf049fdae56537c7036c4bf value 50000000 -> 5215472884 dacoins
1Fq37GNfyxSvnmye3QdxH6GpPAQ3enarfs got 5215472884 dacoin
block 254765 tx hash 688fe5ac60ed41d4f3bb9bb231b0552d3ba06f03114f0600b8eb84d8c108ce85 value 260000000 -> 27076571098 dacoins
1JDNareT7T3DYQjp2L5oKHpQ9wRaDMuZ7p got 27076571098 dacoin
block 254794 tx hash 8c4493059285f882cb0a94257a052d6293cb892e05d3664bb6358891e65c6738 value 132100000 -> 13724584979 dacoins
1FjLKFH6BXB6NUUhpSUNendtjBNSmNNPZT got 13724584979 dacoin
block 254801 tx hash e62f7d35036c74dafa0a4023f042abaaed29179a6d30a99ca029e269fc972b44 value 99950000 -> 10380095055 dacoins
19x2pAiyH5SM3ubJyrKaEgfxVgRB9131wS got 10380095055 dacoin
block 254848 tx hash a76fdb9b01f7970455b79c095959c5318a00147acbac3bc12140352d19d27293 value 147200000 -> 15239064974 dacoins
17czXHWXFLVUdgiQSc9FJDT6Fi7ooXj6Uf got 15239064974 dacoin
block 254850 tx hash 5a411838db6e0f9a18bf365d04bd0891a68f4bf9f0b78517bf9af210f21d8ab7 value 200000000 -> 20702394180 dacoins
18mPaJtGX2ots48KdQr4FZLhDSbgyzfnP9 got 20702394180 dacoin
block 254852 tx hash 26f5f9f39ec3fc74a4160bc8528f8185bc1c3251a40be91c76cc509649e76169 value 284000000 -> 29392328307 dacoins
1KFZmBqaJFnBuJLL9HyPdj19dfcW6gCdkZ got 29392328307 dacoin
block 254853 tx hash 699aaa52bd862b195aff1b82eed15e270533ef01cf1a86e39b5b4ef15115499f value 250000000 -> 25868295304 dacoins
1Cnv5Nj6vtcm4Qb6dqawkLvwCTTZ43wqen got 25868295304 dacoin
block 254860 tx hash 4aea6cadd325925ad7439a3a6b66fcecff8f3372618dc4a1734b644d586f42eb value 210000000 -> 21721083333 dacoins
1CbYgvA148Ew5j22S2rbgFCKToQTwRnKfS got 21721083333 dacoin
block 254866 tx hash c6cc02cc77b8f98488a9ac974b7e61cca1e803c7e50599c9cfa80c7923cf3959 value 29900000 -> 3091806830 dacoins
1J46wJTLYvhabzrVjVVwrUEUsYvLMbpNwK got 3091806830 dacoin
block 254875 tx hash 02663706b7e6a484a19d3f0687036dbcbf5fe9057eea311d9b80b446a45c35cc value 299900000 -> 30985218745 dacoins
1EuFaVybvZij2hAfmRcDYAEmBqRLGRQXan got 30985218745 dacoin
block 254875 tx hash c51438e8ef3eb859357bd2406201169fb0932e7746a1bc2daee9781bc15578a2 value 10050000 -> 1038350945 dacoins
1EXqpyc7sEVbH1dK8mdE35gM4ijiQ4kGXQ got 1038350945 dacoin
block 254884 tx hash 8790c64727703c0324debbeb8eb92eb8c1e53fae4c1e8790297772bc23fb8eea value 300000000 -> 30981493056 dacoins
18mPaJtGX2ots48KdQr4FZLhDSbgyzfnP9 got 30981493056 dacoin
block 254886 tx hash 9f93971f19366666bb3deac6cf85deeb9d7403e5ab149f4645844333827f89fe value 50001000 -> 5162691711 dacoins
1BQtQSNPhm7fJMQagc8BrEEvcDNLEkB4J9 got 5162691711 dacoin
block 254899 tx hash b82d81dda3973b04842e1dd8dead6f67ca21fec94ddee0574770ba91fd5d4b5e value 500000000 -> 51581299603 dacoins
1BV3rErytJmf17NNQfzHkHYakgweq4HzEx got 51581299603 dacoin
block 254934 tx hash 4ff007ea31dc6e1258188532e3c6fa7f7f411f2511154b780f9aeb69bca8b4be value 10000000000 -> 1028343584656 dacoins
1G3Cyx194o3yLbKFmzR4NtNE6fxJSRowkp got 1028343584656 dacoin
block 254944 tx hash 2dcac82298d5ffc2796b28d2caf8269b75904399e567c4b87f857cae4b159df2 value 101390000 -> 10418902116 dacoins
1HXaE1qztaBnJJa43LNLzexhzzbefJkm3i got 10418902116 dacoin
block 254983 tx hash ef9f128f3599c2cd67d67d03a963e225bc65d5ad69b03c6b15be5eb1b7444849 value 159000000 -> 16306044147 dacoins
17XgPMQXbXr2RmPKKB5FJ3a2UFMw2Gxarh got 16306044147 dacoin
block 254987 tx hash 2aca7fea45ec0d4e38452b198373f36e71ae664cfd1a0b197970ef61c80e0aa8 value 100000000 -> 10252384259 dacoins
14vTNM7pZiG6qZbmf2A8J1x9wLdYTHvcPX got 10252384259 dacoin
block 254997 tx hash 3123fe9253ff084c7cbe890e44c9ce2d12a990449ac2027ec91b526b25302702 value 100000000 -> 10246618717 dacoins
12QfZDTatfAbfiFmpGmFrbNiiyX9PjtYb5 got 10246618717 dacoin
block 254999 tx hash 502a936801823437ce1f886ff3955618bbd7f88e9863ddd182045a625028e9ed value 10000000 -> 1024608135 dacoins
1D2UUm9noQ5eW7mQ8oMiqxvbFqB8wuvvWS got 1024608135 dacoin
block 255002 tx hash afae2a902869051e07308ed194bc1153a9b634216513c2b18f30ba7813b28dfe value 350000000 -> 35855630787 dacoins
1HLdSSpvRDcAyD9k91yS7X9o2jaJiKeqp4 got 35855630787 dacoin
block 255003 tx hash e88a84bdfea46915d77f1b1f68ad37f761bf91fb48abd6332ab2a390ac6cf362 value 520000000 -> 53260166005 dacoins
16rUg4eijBqM6oYrSrUzvghe6QM9CHvTYW got 53260166005 dacoin
block 255020 tx hash cf9030b1212076c275a7207820a549c7633416b4bdb3f7ebba99441f06a0b447 value 299990000 -> 30694026435 dacoins
13NRX88EZbS5q81x6XFrTECzrciPREo821 got 30694026435 dacoin
block 255020 tx hash 2dfb02d74224b5e52686ceefaf63a2362e18e164cdd53c147b677b83dc57e65c value 105000000 -> 10743267361 dacoins
1DLwrAYgzMcbntvhmBHKajGEaSv9U2YGTq got 10743267361 dacoin
block 255022 tx hash 9f666afbf830e05e13ebb06241c78b5fcde86c3476a71d997dceddc1de9cb01c value 100000000 -> 10230834987 dacoins
1MVb5dBgeCVwpoSQKNkcA9bwq8anx7ydnd got 10230834987 dacoin
block 255027 tx hash 0609f499bb21f8908c7dcdd31fad0fa453a7b7e0bff44ff7512fe6c70b558438 value 58000000 -> 5931781217 dacoins
14FaL26kCyEsN4NviMEv3wPQvQGuwodyDr got 5931781217 dacoin
block 255032 tx hash 72d2691a63cf846add6dec63240eb1013fcaadbd6f78738ce04ed807dca472c6 value 99980000 -> 10220762978 dacoins
18rw5npF8gTGMNwk3hZNq3sqTT74Mm8zoh got 10220762978 dacoin
block 255037 tx hash 5a88cd70c377ce00c4b6df5508e0d13122c41d40a8350420aef20447b0579b98 value 99950000 -> 10215331248 dacoins
13P8CSqRoboefrNsXKZieWYtZhJ4KcQHhH got 10215331248 dacoin
block 255040 tx hash bc231895c9e2d35240a190aabed82aba7ffcab83693905aed15954d9d432e3f4 value 399990000 -> 40863528651 dacoins
16zqyiBKDsL1X39ip5aVHLsxgFmxUCBeKM got 40863528651 dacoin
block 255043 tx hash b300988f76210a6c5adfeb828a3e823c3b951d8e83c197f828c7f50fdf83e697 value 200689244 -> 20498392082 dacoins
16akrvw2R2kREZtYET91bUyoPnyhQyur3E got 20498392082 dacoin
block 255049 tx hash ddb0ffe9b101a6789418d076bc636258fa83bc55527bdac8a332ebd18046aec8 value 190000000 -> 19396420800 dacoins
1JME1dvN2zAAgXhXPnWSWFGQ4Z1iHALFj9 got 19396420800 dacoin
block 255049 tx hash 372e20b06a18ecc3f64d48d30b69ef1020d00d5858da89fbb362e206108e7b69 value 300000000 -> 30625927579 dacoins
16Y1wE9WEGSySsUNMoKBicQV369C6E1fV got 30625927579 dacoin
block 255050 tx hash 09f281a274c131c0e8b5f8e995308385a972970d9d5698064f7c3cb38788809d value 187600000 -> 19151128009 dacoins
125ana9EZ9HJotBNnGsUqecsp7MzT9Z5Qe got 19151128009 dacoin
block 255053 tx hash 07da9df755a7163e9456a4b5ada45c9754f885e1a0e4299a4f1d54454de9baaa value 1000000000 -> 102053654101 dacoins
1KDCt8VoY45ya3QnExwtZEdugAnRAncr1Z got 102053654101 dacoin
block 255057 tx hash 9841c5f023bb41cb30d19ce97524b870f6c1230d81da2bd3d96ed333aa1eb192 value 100000000 -> 10203215939 dacoins
165EtwPtp3dXeHBAXpdtKher8wpR7E4Vwh got 10203215939 dacoin
block 255062 tx hash f7d0a4447bb90a63aaf557521a95f6e282dc01c923e8fe5aea5e069cb0bb1180 value 50000000 -> 5098438327 dacoins
1ALeLAXtnZrbJHNhWLW5BvNtL1uP5TqJU8 got 5098438327 dacoin
block 255062 tx hash 09e4f7d57d6abf44b6d38d8d1644775e36700569dc1a3fcf006176a61a777ab7 value 520900000 -> 53115530488 dacoins
18QTFj5KmMSoYMrCuRGgxdywj3xXYtCvzd got 53115530488 dacoin
block 255091 tx hash 298196f62a6fd89328c2de64b77da7bb2c68cdca50754923457ced0af9651a16 value 5677000000 -> 577615695255 dacoins
1CbYgvA148Ew5j22S2rbgFCKToQTwRnKfS got 577615695255 dacoin
block 255100 tx hash 962079531f47ab44e1331ba9c0da9ce448d7d67039f08345abc90f6591d9a3e8 value 288880000 -> 29375370365 dacoins
134qMRPNjXbwnq73KBDyEzH3BWqgDSK8f4 got 29375370365 dacoin
block 255111 tx hash 3c73686a1d948496e523015f6bf717ac4751642040d8279ec6fc7de74f5161c1 value 22222000 -> 2257171726 dacoins
1KJ8Q3PaVvyjV8GdVMha7VXPaBuipdEFG1 got 2257171726 dacoin
block 255134 tx hash 86e24ec86abe33c2a41335b0fad076cedf3a39043cb44a92f81e733ad224b85a value 100000000 -> 10145415013 dacoins
1HonwLhETda1hQc4uLA6bzhXH4CUaBmHGb got 10145415013 dacoin
block 255135 tx hash 78945c3a89cb967c3a8644289443afc7146cd6b3f276de91db27363997138b52 value 2000000000 -> 202899966931 dacoins
139Dx25QXHBJD1tfLQMwASAAJrWFiM4BPz got 202899966931 dacoin
block 255137 tx hash ad11ca38563d7e7384f76443aef815a6dc909f19160fb364381d6656298e3ed6 value 45010000 -> 4565878253 dacoins
1KpSuQmkejZPKj18Gj6y2fUL9GZyWCTVuh got 4565878253 dacoin
block 255141 tx hash 38193191812b1570629ab5fc372fab892935d83e4eb4d488dabd7fb31f04ff86 value 100000000 -> 10140458003 dacoins
1G9mvD12ZAiAxMuXeiaUVDkMAC8C4FFoLG got 10140458003 dacoin
block 255143 tx hash bfa7c143b8a322e3a309f07aa0d27190e96619ab1c3238660bfdfa565af291f7 value 90000000 -> 9125251488 dacoins
1AgZvwAoNDFGkQYEF193RAm3qxipWAEFAH got 9125251488 dacoin
block 255146 tx hash ea92cd3c53361bba23290b09b2ed584fd049dd774cc670f48510e04373d2dfd7 value 50000000 -> 5068087798 dacoins
19rKrjPfydDQtHfWHcFcnfXjhGzQjkAC6B got 5068087798 dacoin
block 255152 tx hash 8009c126befb5a5546fc3f117f400d6c83068a5c5fa7b46f0eb3abb2518f88dc value 2499950000 -> 253318511571 dacoins
1AJzXcrPJbXudbRF43d9j2pympLo5k5Gut got 253318511571 dacoin
block 255153 tx hash 43f17758b3d68c191aeb10e48b1ff1dc6b8be94fd8036e052855cecce42672c1 value 257300000 -> 26070241812 dacoins
13fBNvRz495auamuV9fNN95XDUdGtjXvfn got 26070241812 dacoin
block 255155 tx hash 8c499a60166adfc252ccf70e11ce4abef05dddea23f1baf25361e6276330b72e value 12000000 -> 1215738294 dacoins
1NhAB2xGPosYjooSqJET6eJy2ks15A6CNm got 1215738294 dacoin
block 255158 tx hash b09c0a3e8114ddb7ac84a72d818015aed82ab0af36a15f0c3158a0ed1be57afc value 2000000000 -> 202585582011 dacoins
17CoqK7cqNVLyv1CawzsGT12eTMP2fmHuy got 202585582011 dacoin
block 255158 tx hash 979587d316ab9d52e1d0c9afa2c49ec198faecc1f3c4918558f73193ed68b9bd value 1000000 -> 101292791 dacoins
1GaNupdUBzfVF2B3JUAY1rZwHoXJgjyzXj got 101292791 dacoin
block 255158 tx hash 799cbc743b3271054a2dc41a3e84bcce48d9b3606afc47d809155b3beb202b15 value 1000000 -> 101292791 dacoins
1GaNupdUBzfVF2B3JUAY1rZwHoXJgjyzXj got 101292791 dacoin
block 255158 tx hash 173186a9b9a86ad0a74037744fefced0574e296dd15bc543616a36b66116b63b value 1000000 -> 101292791 dacoins
1GaNupdUBzfVF2B3JUAY1rZwHoXJgjyzXj got 101292791 dacoin
block 255158 tx hash c7121bfee123b55a6cf8fd714f70ad96fdfbe31c96d5d85ae16b2b1b30e177f6 value 1000000 -> 101292791 dacoins
1GaNupdUBzfVF2B3JUAY1rZwHoXJgjyzXj got 101292791 dacoin
block 255158 tx hash 82d2035a5726bd950f1badf3df666c261abf228621f2dc65dad3fd8a980e87f0 value 1000000 -> 101292791 dacoins
1GaNupdUBzfVF2B3JUAY1rZwHoXJgjyzXj got 101292791 dacoin
block 255159 tx hash 1da9a84d098642b7536b100301026127dd44a9de9f18524ae55523c183a34f76 value 1000000 -> 101278786 dacoins
1GaNupdUBzfVF2B3JUAY1rZwHoXJgjyzXj got 101278786 dacoin
block 255159 tx hash 3979111f16d00b6a74f6af1722bb06eec084c09c71390ab667277105af824ba7 value 100000000 -> 10127878638 dacoins
1Bitcoin4yZjSSPoXUceJaiyQLABx7B2LL got 10127878638 dacoin
block 255160 tx hash 3ed6063ab9fe4b453bacdf8173c60377604df0bcfe3c0e3988b3bba006749079 value 100000000 -> 10127154431 dacoins
1AMgiLXpQ2rxtrVagtCfxjXJV44QumWNhP got 10127154431 dacoin
block 255161 tx hash 53c067c3022958558297b8525cb85822b70238853abbff79e95af0ca000652ea value 3000000000 -> 303797619048 dacoins
18WANHBTcj8u2GU1PY4h1iG4EbvgYJM4gL got 303797619048 dacoin
block 255165 tx hash 4e7323c8f32e9338a1bb94c245e0c09f5e694ece617d2b46ccbf0cb35672d3ea value 10000000 -> 1012004299 dacoins
14PVGnM5F8HfbiphzcSFSAgAcecUywadZQ got 1012004299 dacoin
block 255165 tx hash 21fab8ba2e49ffaac34411463bb34c51b5c8520898bcdd4a45f6c8ff449971bb value 23181032 -> 2345930404 dacoins
17LWEZqC2WyZaBo7pKADcsDkA6zFjY1iTC got 2345930404 dacoin
block 255171 tx hash d8c445e54fb45d8ee75d9c903983c9c8d94e4ad225fecfd492ff47025d4bbc27 value 59871289 -> 6056807478 dacoins
17QqwZtZ221Dod33bY33SAZMXrSmi89rsP got 6056807478 dacoin
block 255173 tx hash 7b25b230380525c4204f37212c4a4d53242244351f8ad439df4846530295999e value 1000000000 -> 101159226190 dacoins
1QEhcXxmkkBdcfDhcFU6pFVCdiXQgFZLLY got 101159226190 dacoin
block 255174 tx hash d088e1bea82613009556d2e17b837258b1cc0d55a141c642447debeca0873608 value 100050000 -> 10120548817 dacoins
1HgwzP12Y8jvE6iT4TLWE96zPaFkXPSGL2 got 10120548817 dacoin
block 255181 tx hash 9ad167ca2c5432a6bfdd60cac733bfad50700e1e9ff0b6361ba1147bc957a8d0 value 100000000 -> 10111698082 dacoins
1tybxKF5QbtJ43kiV5gAFPNvs8WR6uUWK got 10111698082 dacoin
block 255188 tx hash 7b69081d1f873bf8b78cfad98bf23af47859138069d894112851fd2e52eb6912 value 199900000 -> 20206713679 dacoins
1NHVAzYT2jQ8roRddYXhvZtiVjuMwuWBGn got 20206713679 dacoin
block 255191 tx hash 4ccd6fc50d6eb0781d54d1c2f063c70e1b4db70d6f1d3f047879a33718b11171 value 300000000 -> 30319280754 dacoins
1LfRqHRmJa2S2U4XGVWerta2yQhbvKLG2b got 30319280754 dacoin
block 255193 tx hash 5e96ad593fefecf7e7ef0c706bc95bd743d87cf8700684aa7774a6691e9a15e1 value 100000000 -> 10105335648 dacoins
1MZH2ixqERRzuW9Ha7xqbyGoMZyfo4dv4h got 10105335648 dacoin
block 255196 tx hash 9fc293925a45558d60f6f194d95278216f1abae4cf22aa9b665ee5e8d4a2ffa1 value 100000000 -> 10103731812 dacoins
1L5AUL3vEh2hvBbxJbtuwhbnWzid9W2gAW got 10103731812 dacoin
block 255198 tx hash e62467de28a974e457e0dcb63964decd0f292226483c63d038b978c2e6bd803e value 111130000 -> 11227826983 dacoins
13FrZaxxAWuFUqsmRVatp88h6EKTwmUrtj got 11227826983 dacoin
block 255198 tx hash 52d5bc62a89ba8aa47c5a2ba8dbea52a9d6c1b89e803c821a770b0d20533d67c value 100000000 -> 10103326720 dacoins
1K5Tofy7UTfcrpWBnXcJhHZzvLTksDdasQ got 10103326720 dacoin
block 255200 tx hash b511fd25b1d2cfefde9a66b73d263d3018320e5a609f27b9e8d47199676da869 value 102450000 -> 10348198725 dacoins
1Jge9avkgP3zsSQsYeSpY5Pd7xBk3qehNv got 10348198725 dacoin
block 255200 tx hash e12f73e88744b476bc4b8f6014d1a55f42880278d86e2bd9c41ad88e50db3029 value 500000000 -> 50503654101 dacoins
1MA274fPpN7cBjiseaMtTmuQCq1UjAir5Z got 50503654101 dacoin
block 255200 tx hash e94c89241e10b39aab406a50806e055b999a23886521589cc5a04dfd15c3e569 value 100000000 -> 10100730820 dacoins
1BhbBYtVSYqGifvPhien4B18MjMGLi8T6h got 10100730820 dacoin
block 255202 tx hash d2b45592b57cc546ee42fb29471c6ef5442053dae10a69a9678dcab28cda022d value 7227460 -> 729794566 dacoins
1EHjzwUwJokV4tZsugPFuHs22xoinaYQ9N got 729794566 dacoin
block 255202 tx hash e815c7a07bf9522f958ba52f53ca45dadbd46c7058b6eaac28ceb0aa557d62db value 100000000 -> 10097524802 dacoins
1L9bbsESqmaKWsstrDETuZpD1BjLdy94ah got 10097524802 dacoin
block 255202 tx hash aea3cb2eb67a008f20af0ce302dd2453ba688960c58b7db04fd49156edb53aae value 14900000 -> 1504531195 dacoins
181mY7b9oWKsyf5Q1K4TaJA3JhNoxSrt1S got 1504531195 dacoin
block 255202 tx hash 8bf8a43f59dbeabe6aaeda480a3552979b94bb23faf336647f38d184708ecb02 value 100000000 -> 10097524802 dacoins
1Gz4NTCBJb7q5gEURNeGnEivEt2yDY93yK got 10097524802 dacoin
block 255202 tx hash 33715bf229caea9ba1d15bc291cbcb167981021414b9e808ae30fed1101e07bb value 9990000 -> 1008742728 dacoins
142p4ML8aXvMAnVjEZMBzyP1c6nauhtufi got 1008742728 dacoin
block 255210 tx hash 1497f7545b1c1b85b28d623b2646343dcd8f8b2883dff7526d3fc04c4c103ce9 value 200000000 -> 20188501984 dacoins
13qGRH1n7dFeroYhjd5xktmWo4uzbVPbcS got 20188501984 dacoin
block 255213 tx hash 44edabb3624f5f91505ec1362db000c5fffd1ef676cb9a3e41d1001dd9776e3f value 20000000 -> 2018758267 dacoins
19V6mbsUWfKeRJyHvPpmjarUyj6Arm9zcQ got 2018758267 dacoin
block 255217 tx hash 441465c36af627942b3888c453197fa45cb565e8039d75e3e13f9f911fb01bde value 100000000 -> 10091784061 dacoins
1AoYNhBr3F1yTumvtWB2bfsJ6gYZJXdDd9 got 10091784061 dacoin
block 255217 tx hash 03efb950f6165f5191e93a7817a9a799a512f40454832a3bfe3f68c6745af3ac value 256462192 -> 25881610614 dacoins
13sbvde5fYHeM4UxKJpRxFv7a9MjaKdqPT got 25881610614 dacoin
block 255218 tx hash f9248e4b1fcc5e03b67c84c99f30d88920c7e7671d6ed58d61fd879f6827654e value 300000000 -> 30270079365 dacoins
1MPUi31pLY3KyhMATYo1A2WJKmo8NcbYhz got 30270079365 dacoin
block 255221 tx hash da9ed36f05586c1f4b979c949d92b48932dc9df5a50cc63cdc44b101ac03de90 value 100050000 -> 10094062366 dacoins
1MR9wDhmKVRDcVcpm2c4BB71SR9yTYdBvg got 10094062366 dacoin
block 255222 tx hash 542b57e22b16b9a579b35cf2179d0f73bc679d55261a3c73b0b5c2c3ccea096c value 500000000 -> 50439451058 dacoins
1HLdSSpvRDcAyD9k91yS7X9o2jaJiKeqp4 got 50439451058 dacoin
block 255224 tx hash dc02a124b8c5c7091b4e645de72cc6c69fc98809433d10dffd1f00ebae8ec553 value 100000000 -> 10084092262 dacoins
1CJcDhymhoMRqFHQzX9hxq7NBjrmy9EYEo got 10084092262 dacoin
block 255224 tx hash 0427ee5f394c572c6257410cb51fe705d98002985eaa36a26de74670a1964b66 value 40000000000 -> 4033636904762 dacoins
1D11zSkRGnn6VMgaipqNeD2rtQfN5ywos3 got 4033636904762 dacoin
block 255224 tx hash 4d5afd1cdadcfe705096db15adf87a7fa4430ff8703f7eb4f41b180aaf25c5f5 value 10000000000 -> 1008409226190 dacoins
1D11zSkRGnn6VMgaipqNeD2rtQfN5ywos3 got 1008409226190 dacoin
block 255225 tx hash f52f76e93c404b4fd0c521a4d0bf2ef7feb18210b9c5caf00e48d1c8f93ecece value 15000000 -> 1512488839 dacoins
16uce8E7DuqC5QNmsjMLcbZEmLcUBRGqaj got 1512488839 dacoin
block 255226 tx hash a716fde27a1003b8a8910293b4762bf10734d64e249c06b94543892b2fbe8af4 value 156000000 -> 15729396429 dacoins
1GuoNYVPUwePeYghvDP4gCny1YaFyMfTcM got 15729396429 dacoin
block 255227 tx hash 54a380ec7332e73b639bb435d32abbc073e03e537d5adc9eb6168805453a7fda value 50000000 -> 5040860615 dacoins
19ABrTW1XhWErJxE3UvfNuBRzB4w6UcTRp got 5040860615 dacoin
block 255227 tx hash 152c6bd97491a589a4927bdb3a840134d5a765b937468ed2fa7e43e5df0438b7 value 3000000000 -> 302451636905 dacoins
18fjRdAxg1aQbw1DeNM68nsD2PiEfayqfJ got 302451636905 dacoin
block 255229 tx hash ffefb287797f79a1493d0148fc0b8a96c362284f41f6317a48010686297966d0 value 33000000 -> 3326065526 dacoins
1JASe981JUgzKgAoV4SYehenkHbVAT7Ja8 got 3326065526 dacoin
block 255229 tx hash 353b8b56a4e0d3cd55b8195e7895e90b28b10c9bb0a21524ef21c4fca803206b value 100000000 -> 10078986442 dacoins
1DDhPhsydLh6dDgAg7GVT3xZuYd93tjqtp got 10078986442 dacoin
block 255233 tx hash 22d0c0ebeb36be3f15650e266556d877884d9efb64558f877b20f96fafa5c6b3 value 2577000000 -> 259695300198 dacoins
1Na6CZdvTMzaq6f6Xn9jyEfmbf5NiEp65c got 259695300198 dacoin
block 255234 tx hash 499b798e8b673236be9c2af8b678e16a67c5574b54253e53ce9e483d5e851051 value 100000000 -> 10075623347 dacoins
13kMuArrYxHpxiVtqUgtYK6viv6JvaBRt4 got 10075623347 dacoin
block 255234 tx hash 983e4bdbf9259f8c9064182014435e35b0b2a863179394f801d9c3d6b302e586 value 300000000 -> 30226870040 dacoins
1QAJh4ZCuSsLErYnbtHqaGNTb5D9tiX2er got 30226870040 dacoin
block 255235 tx hash 3a92fb3f734c51a2867ee695083492d813a01bf08c03a634839da607f07be258 value 700000000 -> 70526273148 dacoins
1AMgiLXpQ2rxtrVagtCfxjXJV44QumWNhP got 70526273148 dacoin
block 255236 tx hash 19395a476edc68204d392dc3afb8fe25d6cca6e6f2143e087e3a9cfb483eacf8 value 99950000 -> 10068911438 dacoins
16kPgvUbpsYfxj9mvpCQqsoZ4c2oJsNfH got 10068911438 dacoin
block 255236 tx hash 77983cc14b5a6320ebf8202ecac501f2041077e496980e2e8da9bd45c76f3f37 value 6900000 -> 695102440 dacoins
1McQ3KF6eY69a1oJiJhCJj9GcJawFq3vUG got 695102440 dacoin
block 255243 tx hash 63baac9a2d6dd9b0af3c78189c4edf949dfd9f2bf88814be17d43db1fa36b9ed value 100000000 -> 10066636905 dacoins
1CJcDhymhoMRqFHQzX9hxq7NBjrmy9EYEo got 10066636905 dacoin
block 255244 tx hash e05544996b9dd1c90891e3e4c468ab1324cceac2ca8b51a71ecbe65c165f0275 value 1990000000 -> 200303700066 dacoins
1K5ZEkQ8Pzwqedg2WHsKQd3xiAGnj7MeCD got 200303700066 dacoin
block 255247 tx hash b8d9a2c15c68fd80680d9b67703be4326fd49ebbf906cdde36e2419875d4e984 value 100000000 -> 10063083664 dacoins
13reFpj413XUoU3aHNbkPepd11Ha6Hi212 got 10063083664 dacoin
block 255264 tx hash 22ff18ccf89ad33f0aaf916af8078889e8ed8643c29163add216fe8bf01361ef value 50000000 -> 5028637566 dacoins
1JpK8eh4Egt3a1YhrSg932qBToSRM2bcvG got 5028637566 dacoin
block 255266 tx hash 2ff014715685be9e761b7c050b1c7ef33da1babfff804d7879a4dc29adb2087f value 400000000 -> 40225271164 dacoins
17ezCD79i6qmzPPBtD8acNbHgjsTRoJxni got 40225271164 dacoin
block 255267 tx hash 8a6d19d8ec0d996fa6a478ef9276a33585ece9aa4e7f9d237e2a4bcf9bd88925 value 100000000 -> 10052809193 dacoins
16qiCQ4ocbM4zRceN8RYwWqBRQoiGCvcNa got 10052809193 dacoin
block 255268 tx hash 008723ee315339c621ce9d3009f756ac810ae05a9315c189ba8c803dfc33ea32 value 200000000 -> 20105555556 dacoins
17aRFk7cMSTuwpkmLk3Znzfeys2XKLVgML got 20105555556 dacoin
block 255274 tx hash 90c9f98d801f5469c98b7e2aef17122d9f4a91173bc102c24f4f28ede3ca8d19 value 246000000 -> 24726534623 dacoins
17LWEZqC2WyZaBo7pKADcsDkA6zFjY1iTC got 24726534623 dacoin
block 255275 tx hash 5f7b208838702960bc25b955f1a288033989038b52302beb79875047def58c04 value 200000000 -> 20101732804 dacoins
1DHF9MnvvM1zUNxKdu9hB2BfwFuBANPPoe got 20101732804 dacoin
block 255277 tx hash 61dcd3d9add23fee3a14a0abbd0640d06c5673550c7eae869463ab28eaf13993 value 101700000 -> 10221337649 dacoins
1Kk6eLpM3cpgC4NEzXLzjKvdndd8bPox6f got 10221337649 dacoin
block 255283 tx hash ade0d4e7341417636cbb5cdd2a02a50bdac30d2c47fc70491b5eb83ea97465d9 value 200000000 -> 20097288360 dacoins
1PYXRp4Pj3PqNmyz8GA7qrhsMa1hvjjY7t got 20097288360 dacoin
block 255286 tx hash 2fcc4a62b3cd9d1656c0ace66f4392e7dfba28092e852e1f7df7c8ec8a99b226 value 100000000 -> 10046987434 dacoins
1JqNVmZBrCvT19he79L4F2YWxydWZ3mQ14 got 10046987434 dacoin
block 255287 tx hash 88f358fe40d3edf3030cbef5c2e2a53850ae258c106f9edc96b00b23de9a4239 value 10000000 -> 1004658399 dacoins
1NocfrxnLadDjfy5XR1JsSgdVsw8ChxCLA got 1004658399 dacoin
block 255287 tx hash b56dc6dd89e19963ad8cc228139fe47fff14d3b188fed72ee2173efdd5e2ab51 value 100000000 -> 10046583995 dacoins
14AqQW1tKzfRnMAgKxTdDedYJ3KoUVC9ei got 10046583995 dacoin
block 255288 tx hash 56193e2e87e4df85f8ff1ea9d28843434c582fb5695869b7267ca510ab5193af value 4071777 -> 409016530 dacoins
1JqxEv4TH6XmMxCfRi9t3t9QhPnxp79UBH got 409016530 dacoin
block 255288 tx hash e0ab8a0f0f90b7a454cefe3a10f070367bfb2d9d1132f2eec7bb6304410a5aff value 100000000 -> 10045160384 dacoins
1Ao6nURcqduZzsHHPJyKa7kyzTASVPP66L got 10045160384 dacoin
block 255288 tx hash a69b20f854edb91cd0fb9caae05fa4db9a0e464d29a855dd95683077c1ee843e value 100000000 -> 10045160384 dacoins
1Mxuru2YEg9dZ1jGSoEks3BfP7Ee1LaXAd got 10045160384 dacoin
block 255289 tx hash 2d8d7b4fe2fb5563c1d0bebb883ecabe8ac6075c1ac367b56165470d618b9873 value 163476180 -> 16420711963 dacoins
17dTm9LYvNzNT4AM1kum557L539YXS5y7S got 16420711963 dacoin
block 255291 tx hash c84d89d9ead45bc12e0fa60a3f7da1efda3ad460fcf4b36b81a4333171a3d879 value 100000000 -> 10043457341 dacoins
1NgxPxvnswGG85FzjrBQ2tet1sCXpCzhg4 got 10043457341 dacoin
block 255296 tx hash 69fc95e4cf1b0f2e779c96f7c893fb3ff317975a5639dbae60854511895bc706 value 100000000 -> 10040944114 dacoins
1MnW3JgujMavTzBCiZyfxigDhu9pnDE7dU got 10040944114 dacoin
block 255296 tx hash 09f34b54376b898e317d3f7592caea90fab34657c8c97d39e875ff2f2a6d047d value 200000000 -> 20081888228 dacoins
1BmPgrDRGJouzPJdtDzXb6KhYDbBi9fy9B got 20081888228 dacoin
block 255297 tx hash 9145305bbb5d62d406fe1673d35de7c212afd875b886e2d670f05c1476d675a7 value 1100000000 -> 110439545304 dacoins
12VamRhmcgsWWKWdNuzWqVYTvnuk2Dsx9b got 110439545304 dacoin
block 255300 tx hash d62720f9bcd2a53bb7e148048fe35c3b948e4acaf067f86cff51acbd41295963 value 1000000 -> 100376042 dacoins
1HpNa5GbsPRbJ1s931oNKGqgN5gVbBBE8s got 100376042 dacoin
block 255300 tx hash e4692bd914b4da8b1070b85b087f9bc4277ff7c23780cdcc3244717061ca7c70 value 1000000 -> 100376042 dacoins
1Dswt3PZQrR9NPcTDRjVZxZbEjpvDfHnjv got 100376042 dacoin
block 255302 tx hash 69eb97b8f39c207899dea98fcdafed0dbd2faf7ae0c5dbdd1fa3e2959e3b6b59 value 1000000 -> 100356052 dacoins
1HpNa5GbsPRbJ1s931oNKGqgN5gVbBBE8s got 100356052 dacoin
block 255302 tx hash f850ce24a5c646c66be16b534f144cadacfeb11e123adf6e2689644bc5bad445 value 1000000 -> 100356052 dacoins
1GaNupdUBzfVF2B3JUAY1rZwHoXJgjyzXj got 100356052 dacoin
block 255302 tx hash fcb985c1285215af95fcca64f57e6c9d7a0ef242f992d93b0d2840e05b8f468b value 1000000 -> 100356052 dacoins
1HpNa5GbsPRbJ1s931oNKGqgN5gVbBBE8s got 100356052 dacoin
block 255302 tx hash a5d8b2035024efa96b87e08cf88a9bede16cb5f7be4347572b613b0b4353eedc value 5000000000 -> 501780257937 dacoins
1Eo6FGPytuYvuA3ZS6ToXqP8sScWWtKhWN got 501780257937 dacoin
block 255302 tx hash 1f866842a687b907f14be37a315a770010e133a3d36e96e05527b1c2f7ab3696 value 1000000 -> 100356052 dacoins
1GaNupdUBzfVF2B3JUAY1rZwHoXJgjyzXj got 100356052 dacoin
block 255302 tx hash ab0c847ae6a82d82415a2143c248fd611cece50fcd94b4ad94c365d4535eabc1 value 1000000 -> 100356052 dacoins
1HpNa5GbsPRbJ1s931oNKGqgN5gVbBBE8s got 100356052 dacoin
block 255302 tx hash 98ca9435fcf14e795750a2c9889f8246b784861432ca897fe6dc5c6b2995a796 value 1030056648 -> 103372418105 dacoins
1CQhTj5tAtvzGti2oUiBqF2D8gGvGkJbTo got 103372418105 dacoin
block 255302 tx hash ff017d1a29265e1f594cc9ac55d53afe6f19144d70f230b0500e9b1aabcffb02 value 1000000 -> 100356052 dacoins
1GaNupdUBzfVF2B3JUAY1rZwHoXJgjyzXj got 100356052 dacoin
block 255302 tx hash 3120d2bb539d57eb15abc8790e0f2940067dbf8c79efb77493660f40d45892b5 value 1000000 -> 100356052 dacoins
1GaNupdUBzfVF2B3JUAY1rZwHoXJgjyzXj got 100356052 dacoin
block 255302 tx hash bfc647b4c23c6466a19f0f51f430db99e65187af3dec6cbdf03055cd54560c3a value 1000000 -> 100356052 dacoins
1HpNa5GbsPRbJ1s931oNKGqgN5gVbBBE8s got 100356052 dacoin
block 255302 tx hash 1888abd44594e4c481754cf8a61c14e5e139e5273e858970aa9bfaaa2d973477 value 1000000 -> 100356052 dacoins
1HpNa5GbsPRbJ1s931oNKGqgN5gVbBBE8s got 100356052 dacoin
block 255302 tx hash 92d6186c272118b6372db1a56a1bd58f46ba93198f00b59366fc9c487bcfa6e7 value 504210000 -> 50600524771 dacoins
1NHVAzYT2jQ8roRddYXhvZtiVjuMwuWBGn got 50600524771 dacoin
block 255302 tx hash 1c3d30ab26796d56b1de0abfc11f83ff3b8a7aff4c27d167b884c345af6ade54 value 1000000 -> 100356052 dacoins
1HpNa5GbsPRbJ1s931oNKGqgN5gVbBBE8s got 100356052 dacoin
block 255302 tx hash a9bd11cb77ef508f493b5be39ccd3617093e25b5826ce411fa166d04549343d1 value 1000000 -> 100356052 dacoins
1GaNupdUBzfVF2B3JUAY1rZwHoXJgjyzXj got 100356052 dacoin
block 255302 tx hash da3c5c7973eebe976df751576658f0fdf293c55c4829f10e749bc938a2458b25 value 1000000 -> 100356052 dacoins
1GaNupdUBzfVF2B3JUAY1rZwHoXJgjyzXj got 100356052 dacoin
block 255302 tx hash 426bed21e9f4fc018a8fc0facb90272f3f2693865fc91d0187a7057b7b77970d value 1000000 -> 100356052 dacoins
1GaNupdUBzfVF2B3JUAY1rZwHoXJgjyzXj got 100356052 dacoin
block 255302 tx hash 6c3aae44f2de6385565d4dfec455f3496d307bd399d999f26f9f5e51d1a72d45 value 1000000 -> 100356052 dacoins
1HpNa5GbsPRbJ1s931oNKGqgN5gVbBBE8s got 100356052 dacoin
block 255302 tx hash 2bae4c431190b2c8bad75feed56d5713d1bed54088baeee469995c69fd29ed61 value 1000000 -> 100356052 dacoins
1GaNupdUBzfVF2B3JUAY1rZwHoXJgjyzXj got 100356052 dacoin
block 255302 tx hash b2736a809f5345a4a26d2b655486e9b7d707b9e7f21ba0e299d968b261c66440 value 1000000 -> 100356052 dacoins
1HpNa5GbsPRbJ1s931oNKGqgN5gVbBBE8s got 100356052 dacoin
block 255302 tx hash 89d3b33d1a77a40102a75c624e8ab53f08d52e30c3c08620cb8f78fe9d993484 value 1000000 -> 100356052 dacoins
1GaNupdUBzfVF2B3JUAY1rZwHoXJgjyzXj got 100356052 dacoin
block 255302 tx hash 284f898aaa648a6ddb60290e323a0f8335362bd0010eb676047a05ebc58af7c7 value 1000000 -> 100356052 dacoins
1GaNupdUBzfVF2B3JUAY1rZwHoXJgjyzXj got 100356052 dacoin
block 255303 tx hash db6a1a461c13c08361afb553172166fd513ba44796a905ada5e2650649295a5a value 700000000 -> 70247696759 dacoins
1LoMxHHUzFXNoFFDjdjDuN6ciq8wrKGPSa got 70247696759 dacoin
block 255304 tx hash 0414039b2ced2c5e88dcd6f32c18371204c41dffdf7b01de001e7976899832ad value 100000000 -> 10034031085 dacoins
1MLPjJ4iDXpAnzgon9u34ZxnSjTHztxRCP got 10034031085 dacoin
block 255305 tx hash 1dc56b1abb899c0b613e3bdaf455aa5b379bfd3fd524cbcdd1de00355b52c61e value 1000000000 -> 100336441799 dacoins
1AGFxUanxnWnrTiwLsY4NyvNZTv3RWFnfT got 100336441799 dacoin
block 255305 tx hash 07fa0bc2b7fd01363d1481aef0494926cc024877a1c1e248f50ce2c8d05fa367 value 159615662 -> 16015267580 dacoins
1HavyitVfgfbX6q9vprFgU8emXtixixEwY got 16015267580 dacoin
block 255306 tx hash 8f8c7a7f049ded5e09ffe417b3ca28f5ddba5f5a6635d3088c3961cc48faa857 value 30000000 -> 3009574405 dacoins
15KDDJeiiZqSAy8ff2waWgagP82zUrj37c got 3009574405 dacoin
block 255306 tx hash c4bf0e82f0e5b74c088bd5015b6056fc20b7a926cb24b641ffa2995a99a9c61a value 1000000 -> 100319147 dacoins
1GaNupdUBzfVF2B3JUAY1rZwHoXJgjyzXj got 100319147 dacoin
block 255306 tx hash f59551da0e8093930a2a5939c62a8527a21922c6d2ecbf4de6bb74f527fa14a5 value 1000000 -> 100319147 dacoins
1GaNupdUBzfVF2B3JUAY1rZwHoXJgjyzXj got 100319147 dacoin
block 255306 tx hash 444ef048a2654ab08572375c1ee0f722af2e85c5f9b63930429795c90afa099e value 100000000 -> 10031914683 dacoins
18D38HyzBmzArrcHz1jBTVvatvxTnBKRCp got 10031914683 dacoin
block 255306 tx hash 47f58a000d951b8979d12527044ad5d780cc1d34d77f3140efee9021a280c17e value 3000000000 -> 300957440476 dacoins
139Dx25QXHBJD1tfLQMwASAAJrWFiM4BPz got 300957440476 dacoin
block 255307 tx hash e351517f8c85ef0e82c72f374d2b95a7e527353f6ec38035eb32d364578ff9a2 value 100000000 -> 10031433532 dacoins
1B7GKDsgtgpxp87W1LHskh2Y9Qy8vMH8Ri got 10031433532 dacoin
block 255309 tx hash f1910eee9c4b1aae010f46273b7bf90d97aabc26e35458a0e4965d9add4b0d7e value 200000000 -> 20062291667 dacoins
138deo1VUkgWmptS8NWnBqVwqWfZx1Q494 got 20062291667 dacoin
block 255311 tx hash 437b1cfaef2fdd883ddcabec9c65a9e4ba761c0cb1f535b3296d4d502c454360 value 1000000 -> 100301868 dacoins
1GaNupdUBzfVF2B3JUAY1rZwHoXJgjyzXj got 100301868 dacoin
block 255311 tx hash 5647403ab0434495ebe5399633eac63ae28410a6defeea2ba3dd5bb357c29850 value 10000000000 -> 1003018683862 dacoins
16pdW8RQjJpF37FLMm7R65HBvn6WY33Pq8 got 1003018683862 dacoin
block 255311 tx hash 58ff99088f1d175e29effe9b6a03de40715fea4c5ffb3fdc2a8e61228b8ffe2a value 1000000 -> 100301868 dacoins
1GaNupdUBzfVF2B3JUAY1rZwHoXJgjyzXj got 100301868 dacoin
block 255311 tx hash d4a68699fd4fafdad2f42a9b853b1b8b6314c2c484987ca77159a9e7ee88cdf7 value 1000000 -> 100301868 dacoins
1GaNupdUBzfVF2B3JUAY1rZwHoXJgjyzXj got 100301868 dacoin
block 255311 tx hash 204fa046bf7b337160be8c36be1b205854145147c3732570699fe278408aa5e0 value 1000000 -> 100301868 dacoins
1GaNupdUBzfVF2B3JUAY1rZwHoXJgjyzXj got 100301868 dacoin
block 255311 tx hash 7bbd3c8b0432146f20eaba34e74ad6cb9fd2566b77926d2e4cdaa9d1d468f740 value 200000000 -> 20060373677 dacoins
15oxQoTsbrX7SJK86HHDY7qD8BzUday2dx got 20060373677 dacoin
block 255311 tx hash 355f87a87b9adc27e8c8d567f05359a0b11256667a77099b6e921f255b3b020f value 1000000 -> 100301868 dacoins
1HpNa5GbsPRbJ1s931oNKGqgN5gVbBBE8s got 100301868 dacoin
block 255311 tx hash f19508bb5d9b017f72a274eb7091fa52b857e54294f890ec83bda6b51c6f8e87 value 1000000 -> 100301868 dacoins
1HpNa5GbsPRbJ1s931oNKGqgN5gVbBBE8s got 100301868 dacoin
block 255311 tx hash 1e57bbb0fcf3902e8494ef601c7db1caf7d33d40ad1329f1843450de8b090068 value 1000000 -> 100301868 dacoins
1HpNa5GbsPRbJ1s931oNKGqgN5gVbBBE8s got 100301868 dacoin
block 255311 tx hash 44bd3a1b6cf26b01a951eea6ccfc69ba0378a29bec8c6bc258e14a546aa0c329 value 1000000 -> 100301868 dacoins
1GaNupdUBzfVF2B3JUAY1rZwHoXJgjyzXj got 100301868 dacoin
block 255311 tx hash bec6eabafd156ba94d0c5b16edbc6d1c137045700237b5d26a13d417994a74a7 value 1000000 -> 100301868 dacoins
1HpNa5GbsPRbJ1s931oNKGqgN5gVbBBE8s got 100301868 dacoin
block 255311 tx hash c1a4e31deaccc5af2c0a4814334f19c4b8250a24c93b22e52926ffdaf5beb9d1 value 1000000 -> 100301868 dacoins
1GaNupdUBzfVF2B3JUAY1rZwHoXJgjyzXj got 100301868 dacoin
block 255311 tx hash 84635a1ffa77dc62dd39d732546b1d05c9aecbc8ba7232cc0daec77b7589b6dd value 1000000 -> 100301868 dacoins
1GaNupdUBzfVF2B3JUAY1rZwHoXJgjyzXj got 100301868 dacoin
block 255311 tx hash 4388758ed631d79de2b5f788ac88a3e0dfa31fe3cfbe4328a782bed10b09f8c3 value 399990000 -> 40119744336 dacoins
1NemP5kiTYEj8SwvpVm2uiEwfsa5LNQPmZ got 40119744336 dacoin
block 255312 tx hash 9e86b3454caa84d8b38b667fa3276591411929402dc68635827565ee253dc7e8 value 1000000 -> 100295850 dacoins
1GaNupdUBzfVF2B3JUAY1rZwHoXJgjyzXj got 100295850 dacoin
block 255314 tx hash 906cbcc55171f5fbf4510ff59a64eb7158b6797e0739b50ab8ca272724b438c9 value 39000000 -> 3911190575 dacoins
1GeVYn8BY86jTgUYoWeLkWXULpJnYD3u87 got 3911190575 dacoin
block 255315 tx hash 666ddbf017b57ebf55767c5a3a11a5985363942c0d023174d3fbf7fc06aab9d5 value 151000000 -> 15142266518 dacoins
1ApWmGDViVjTPqRKBhPydpBZ5DRjpuEEic got 15142266518 dacoin
block 255315 tx hash 5eb15f1db09880fa53cef7cd9978b8f5a3f03d965b8b7615205f48be9ec62bd5 value 1000000 -> 100279911 dacoins
1GaNupdUBzfVF2B3JUAY1rZwHoXJgjyzXj got 100279911 dacoin
block 255315 tx hash 249e89caa1a17a577bc7a799a9c57c5e6c4db056ff111e094eff39480dabafba value 1000000 -> 100279911 dacoins
1HpNa5GbsPRbJ1s931oNKGqgN5gVbBBE8s got 100279911 dacoin
block 255315 tx hash 74fe1b91c7bf970931aed1021290ae1552f80cd083ee38cdfc2367b53fc5018c value 1000000 -> 100279911 dacoins
1HpNa5GbsPRbJ1s931oNKGqgN5gVbBBE8s got 100279911 dacoin
block 255315 tx hash e96561f5c53ec86f20ea4678211cf32f718080d488840f549d95b94e2bbb6e45 value 1000000 -> 100279911 dacoins
1GaNupdUBzfVF2B3JUAY1rZwHoXJgjyzXj got 100279911 dacoin
block 255315 tx hash d848e8f6d911085e0f1eb4d53a151aa1ab0cf99f44436e6d28e7088bd7dbca2f value 1000000 -> 100279911 dacoins
1HpNa5GbsPRbJ1s931oNKGqgN5gVbBBE8s got 100279911 dacoin
block 255315 tx hash da5c3deebd3faa3fa170f6710143e5cba95c98ce249d96841e31afb7aabecc8a value 9950000 -> 997785112 dacoins
18toyySRFSWc56EF6tRXMKQK5UCPgGz39T got 997785112 dacoin
block 255315 tx hash 433d02dbcddda3113d0cc07dbab16a68b6913178248a07a165f986ea0fdbcafc value 1000000 -> 100279911 dacoins
1GaNupdUBzfVF2B3JUAY1rZwHoXJgjyzXj got 100279911 dacoin
block 255315 tx hash f5cd507575c29255dd65aa647e981821185c536b9dba7899f0f97b73641ba0f5 value 1000000 -> 100279911 dacoins
1HpNa5GbsPRbJ1s931oNKGqgN5gVbBBE8s got 100279911 dacoin
block 255317 tx hash 6a2dacd5461c1b8ccd9b7a2b21d3f8d000dd3ec3ff31c537af154e1d0a41e5bb value 1000000 -> 100268667 dacoins
1HpNa5GbsPRbJ1s931oNKGqgN5gVbBBE8s got 100268667 dacoin
block 255317 tx hash 95a5578e8b5374a0d15edbdedf3bdde885b8a4b4ddec118af32613268ecfefda value 1000000 -> 100268667 dacoins
1HpNa5GbsPRbJ1s931oNKGqgN5gVbBBE8s got 100268667 dacoin
block 255317 tx hash 86a5bb41937335c841481919d93550996b1b270ce89be6ab59460f9ebc74fbea value 1000000 -> 100268667 dacoins
1HpNa5GbsPRbJ1s931oNKGqgN5gVbBBE8s got 100268667 dacoin
block 255317 tx hash 1489b570a33f1bad46c9b44ce820f855792536a281b1ea9715fde50fef72ce19 value 500000 -> 50134334 dacoins
15PmgreEf44t2sLwUohspit2DNdmf8nioa got 50134334 dacoin
block 255317 tx hash f320a2a72d1bbaea50399cafc2ec846cadac959d93b8c617ef67ca7ee6f9bdaf value 249950000 -> 25062153399 dacoins
17kLc6ZYAbVPpZkCrvdUE3K4NBLSKGxtPb got 25062153399 dacoin
block 255317 tx hash ae4c35748303dcac6145d9b6b8e33d0e85af9c0ff71f66d5daafe97708972490 value 200000000 -> 20053733466 dacoins
1JSCYw7NxVbBhv8HCupYhgYqAwqTdRT4u5 got 20053733466 dacoin
block 255318 tx hash ff3f050cf285c6713f9344576b16c28cc68150264df67a8d427a262d9d7572f8 value 94950000 -> 9520257202 dacoins
1VDTthqUv8bjmFePNxEXTNttkaTWfKdDi got 9520257202 dacoin
block 255318 tx hash 57fdcbce01b1ce8bde960338527862e7e205670c26ba32bdbc42d683c3077d2c value 1000000 -> 100266005 dacoins
1HpNa5GbsPRbJ1s931oNKGqgN5gVbBBE8s got 100266005 dacoin
block 255318 tx hash 7c5392838e22aa325b1421c92dc6c43680d6ade8710127b0a7fbb62d63a94497 value 7000000 -> 701862037 dacoins
1NJW7tJoDJboQQSUdPHQ2pAYm6gAy3SgdZ got 701862037 dacoin
block 255318 tx hash 0b33f83b564574afebd888f38394f4114d3279ca073f5d6315e3e091aeb1a95a value 1000000 -> 100266005 dacoins
1HpNa5GbsPRbJ1s931oNKGqgN5gVbBBE8s got 100266005 dacoin
block 255318 tx hash df4126b28520837ed9f27fc7f6ee974ce4ffc51e8e4e606366708e50091c3825 value 1000000 -> 100266005 dacoins
1HpNa5GbsPRbJ1s931oNKGqgN5gVbBBE8s got 100266005 dacoin
block 255318 tx hash c04f783531dce901e226e21690b79ad187e698e9ff89d41b4e4277aaca42f936 value 1000000 -> 100266005 dacoins
1HpNa5GbsPRbJ1s931oNKGqgN5gVbBBE8s got 100266005 dacoin
block 255318 tx hash 2ba57d54d5220f1bf6cdc8930876b52c23d94052477202b6db7a07112a7ca328 value 500000000 -> 50133002646 dacoins
1AGFxUanxnWnrTiwLsY4NyvNZTv3RWFnfT got 50133002646 dacoin
block 255318 tx hash 511701301a2ee7fcb32e25e93267b3e4fe2b8388e1726e40b2952d14c8f846ec value 1000000 -> 100266005 dacoins
1HpNa5GbsPRbJ1s931oNKGqgN5gVbBBE8s got 100266005 dacoin
block 255319 tx hash ccc057a3a0226ff628c63975c466ddb4dfcf535def12a83aae94b86ddb93c6e7 value 1000000 -> 100262252 dacoins
1HpNa5GbsPRbJ1s931oNKGqgN5gVbBBE8s got 100262252 dacoin
block 255319 tx hash 558648b3ea9d9874ce392bc475f7a146e732b31f87a5764683ea35db6d729fc6 value 1000000 -> 100262252 dacoins
1GaNupdUBzfVF2B3JUAY1rZwHoXJgjyzXj got 100262252 dacoin
block 255319 tx hash 6871c4781f60fe1e27c975234d32e3d6fdd7dc06f49017be4c40e45a0f8bf329 value 1000000 -> 100262252 dacoins
1GaNupdUBzfVF2B3JUAY1rZwHoXJgjyzXj got 100262252 dacoin
block 255319 tx hash bcbce6ccabbc86a84350fdbdafd926b575adc3f4c9692af570b4f849595babff value 2378000000 -> 238423635218 dacoins
1JU1GS7GyHg6XYqq5JjNUquzsWgHoUFAGR got 238423635218 dacoin
block 255319 tx hash ba7ad080422056ba7dec0290a80e9153baff26ca4ebe779b335a7de1e096e238 value 1000000 -> 100262252 dacoins
1GaNupdUBzfVF2B3JUAY1rZwHoXJgjyzXj got 100262252 dacoin
block 255319 tx hash a9e126248a7c2f23076d506ccb325d3712f4964e9d31685746a77e4860a5e91c value 1000000 -> 100262252 dacoins
1HpNa5GbsPRbJ1s931oNKGqgN5gVbBBE8s got 100262252 dacoin
block 255319 tx hash 207c39a21ac5807778f233dbf892e561f63dc7a6b3881f545368245521f265a5 value 1000000 -> 100262252 dacoins
1GaNupdUBzfVF2B3JUAY1rZwHoXJgjyzXj got 100262252 dacoin
block 255319 tx hash 45ad6d454583b2db869b387077d21626e80cd73d90d5ce7e986fb2882503e6c4 value 1000000 -> 100262252 dacoins
1GaNupdUBzfVF2B3JUAY1rZwHoXJgjyzXj got 100262252 dacoin
block 255320 tx hash fc60a1b4b2b267b78c006cdd2cecbb61b8c6a30f2e0af116aab9cb3ef8a94ae2 value 500000000 -> 50129208003 dacoins
1G6zjkpKHaDETbswWCJwyu3PQMesoCHvvz got 50129208003 dacoin
block 255321 tx hash 5959302c0ab7963b53735c369382f9f54a6c0bcdf1d524ae4df466b2d51d55a7 value 1000000 -> 100252910 dacoins
1HpNa5GbsPRbJ1s931oNKGqgN5gVbBBE8s got 100252910 dacoin
block 255321 tx hash 83ed761cb6fa32abdc46ddb82a76aeba9e6a28a201932e646c5b03b763f3a688 value 1000000 -> 100252910 dacoins
1HpNa5GbsPRbJ1s931oNKGqgN5gVbBBE8s got 100252910 dacoin
block 255321 tx hash 521016c83815a94a55fea4b5f47bdbd3b01c56a2bc7f337eb50a2c43059ab294 value 50000000 -> 5012645503 dacoins
1aTJa6dhYax5uHV249FA732BQDxABjSPd got 5012645503 dacoin
block 255321 tx hash 260a2926bec88600eda15e3afc7cbc2f7b77efa2ffee65b394b921fe125d236f value 25000000 -> 2506322751 dacoins
1MstrCofqGJQ73bGwdTxj2Uo7EqRxUDWAo got 2506322751 dacoin
block 255321 tx hash a379701c757fb557070041cc9982f2ff02a5a89442900f3f7a842c1cc4ce9013 value 1000000 -> 100252910 dacoins
1HpNa5GbsPRbJ1s931oNKGqgN5gVbBBE8s got 100252910 dacoin
block 255321 tx hash c2c1a73d1f5a72d7c30bb6e7effef17205f061187677580bdc5daec56563c116 value 1000000 -> 100252910 dacoins
1HpNa5GbsPRbJ1s931oNKGqgN5gVbBBE8s got 100252910 dacoin
block 255322 tx hash 61ab68f24d63ab8271b334903e57a5939c0af8af4df305a94a58da19af2e8f0f value 50000000 -> 5011970899 dacoins
1D8CrjDtEv3cHm91jjk15ix8yeS8oKDzmE got 5011970899 dacoin
block 255322 tx hash dd6cd463437fb3654a6bc453b197751d5869f461504382bb7c904a1470b56d9c value 1000000 -> 100239418 dacoins
1HpNa5GbsPRbJ1s931oNKGqgN5gVbBBE8s got 100239418 dacoin
block 255322 tx hash 2b227df72dffb502606b2a25b64760d95cba04d68c13568ed6e300ddbc7e5377 value 1000000 -> 100239418 dacoins
1HpNa5GbsPRbJ1s931oNKGqgN5gVbBBE8s got 100239418 dacoin
block 255323 tx hash 9c5c4b3351912d84661b4e30bf516c5f612df77bc6cfd2232015bab125645f22 value 1000000 -> 100231366 dacoins
1GaNupdUBzfVF2B3JUAY1rZwHoXJgjyzXj got 100231366 dacoin
block 255323 tx hash 8a62d3e068600d9b83fb88f1921102bfcf2c7a4eb13972eca9a151f5c0553caf value 1000000 -> 100231366 dacoins
1GaNupdUBzfVF2B3JUAY1rZwHoXJgjyzXj got 100231366 dacoin
block 255324 tx hash e66c3d9e1a9ce18f71ef81eb4fcbe83a23c86cb098f8c2cdcc40bf86b8f4b735 value 718522 -> 72016089 dacoins
1Dv1tvyWfvRK3QHb3dZAMWLUKzL6Ddad2F got 72016089 dacoin
block 255325 tx hash b07d86e96459d77d81bbe25a87149741d7cf3cc0945155d26b7d0d961e5cdab8 value 2500000000 -> 250544560185 dacoins
1BBTQrfsZQVoGwdPfp7NfMg7F4pYes2F1s got 250544560185 dacoin
block 255325 tx hash 46a64003c44f0a4b10c8d806079f730ebab2eb3c9ec5575faa9dde5f6ad3549d value 1000000 -> 100217824 dacoins
1GaNupdUBzfVF2B3JUAY1rZwHoXJgjyzXj got 100217824 dacoin
block 255325 tx hash 358a7c5d25da4bfeb040c9cbf97e515bbc902505cb2d18904123a72beda1bba5 value 2500000000 -> 250544560185 dacoins
1BBTQrfsZQVoGwdPfp7NfMg7F4pYes2F1s got 250544560185 dacoin
block 255325 tx hash 70f4006b8b4e0352db775b4f83a288afa2aa6ff7c5fab57e4dd87ec90c3f8e86 value 2500000000 -> 250544560185 dacoins
1BBTQrfsZQVoGwdPfp7NfMg7F4pYes2F1s got 250544560185 dacoin
block 255325 tx hash ac3b9b2a89ed7d98bf805e5060e364c3a779f3424d33071295c978de93d32f2e value 2500000000 -> 250544560185 dacoins
1BBTQrfsZQVoGwdPfp7NfMg7F4pYes2F1s got 250544560185 dacoin
block 255325 tx hash d4bf4b6faaf2f18977f34c924ab9b03f8c4e37e2c606454433b057ff7609158d value 2500000000 -> 250544560185 dacoins
1BBTQrfsZQVoGwdPfp7NfMg7F4pYes2F1s got 250544560185 dacoin
block 255325 tx hash aaa484b718f2cdcda88edd65136c97874ff914313c5822153675c93b503b4627 value 1000000 -> 100217824 dacoins
1GaNupdUBzfVF2B3JUAY1rZwHoXJgjyzXj got 100217824 dacoin
block 255325 tx hash ff39169c1200ad937003cde7afc5ece4d86219aafbded3d02143144d5267d5af value 2490000000 -> 249542381944 dacoins
1BBTQrfsZQVoGwdPfp7NfMg7F4pYes2F1s got 249542381944 dacoin
block 255325 tx hash a4574019d6081defbd1f3a7e3a1bf46a47c0108d2879f3d6f7a6e0fcb7f22806 value 2500000000 -> 250544560185 dacoins
1BBTQrfsZQVoGwdPfp7NfMg7F4pYes2F1s got 250544560185 dacoin
block 255325 tx hash 3892f3062998f5d10aee253a1893465b6969956efad13dae9bd71992d02b9a7e value 60000000 -> 6013069444 dacoins
18JLWH8smwG59zab7j4DqDLZULfK1iEUoH got 6013069444 dacoin
block 255325 tx hash 01678a5d63f8c18dc3ff91c9d2c02e80d3653bf9fc8400705375b9a794f91b61 value 100000000 -> 10021782407 dacoins
1BBTQrfsZQVoGwdPfp7NfMg7F4pYes2F1s got 10021782407 dacoin
block 255325 tx hash c709306aaef3f1c39047dd5d23b30ed26a251cb20a2050359eea690274e54077 value 1000000 -> 100217824 dacoins
1GaNupdUBzfVF2B3JUAY1rZwHoXJgjyzXj got 100217824 dacoin
block 255325 tx hash e5bc53984f18f90d7516a3f460b841925772b98d5b63560ab59288934a911244 value 1000000 -> 100217824 dacoins
1GaNupdUBzfVF2B3JUAY1rZwHoXJgjyzXj got 100217824 dacoin
block 255325 tx hash 9a1632814bc007ad6073612fc1bc93dfd7daf6b112c97836658bbdbb3b47c569 value 2500000000 -> 250544560185 dacoins
1BBTQrfsZQVoGwdPfp7NfMg7F4pYes2F1s got 250544560185 dacoin
block 255325 tx hash 1ef872eca0b05b9aefba2bf53ea63b24565a18eb6fcb4c65e2f5dcede257472e value 100000000 -> 10021782407 dacoins
1DbFbPdbDAHyhMat1cmatbPfySAULC7FL3 got 10021782407 dacoin
block 255326 tx hash 0c2541e6eb1e30c37ecc0dbb24ed1fc90c3b0a90e4629207ee11f30e8281faa4 value 2200000 -> 220466081 dacoins
1BHQeERPiQfQbxc1NYgoYosWqWguKprhkH got 220466081 dacoin
block 255327 tx hash 48586159f7c44c3f3215724cfff4a82c3bfeb447bd8ab1eca76b4efaf0f6f89d value 100000000 -> 10020692791 dacoins
1DLjzpGMS5DHucLujKArriyp3S8y3aRMqa got 10020692791 dacoin
block 255328 tx hash 9f95d0dc24beabba8ae5871326b9dd98feafefdfb236f798df5fd8ef0a4ce785 value 30000000 -> 3005833333 dacoins
18hTHcNvBrGduvG4hG55C6nzRWX5F43qam got 3005833333 dacoin
block 255328 tx hash 80975c15601ab2743714d03fbe164c50938923fa51ecd0f05b00a6f5cd77a11e value 160000000 -> 16031111111 dacoins
1KpSuQmkejZPKj18Gj6y2fUL9GZyWCTVuh got 16031111111 dacoin
block 255328 tx hash 8431447eb453e64244f40799aa026690b49720e594966c337a9ee19cec4a10e5 value 1000000 -> 100194444 dacoins
1GaNupdUBzfVF2B3JUAY1rZwHoXJgjyzXj got 100194444 dacoin
block 255328 tx hash 871430ec82c0faeb25354b8669d15a7ba90c3905589d779b29c809d9fb66032b value 1317820971 -> 132038340067 dacoins
1AAciKr6aNMwcYrApgAp336e8EjBwrYPWj got 132038340067 dacoin
block 255328 tx hash b64d097c955d2e78f8bdb19f6756b5b769609ace5d13a613353bf3bd2ef0e99e value 1000000 -> 100194444 dacoins
1GaNupdUBzfVF2B3JUAY1rZwHoXJgjyzXj got 100194444 dacoin
block 255328 tx hash e80ceb4155a4102e0b849086cc60c6e6771680842da2ace057fc362b26660f7a value 1000000 -> 100194444 dacoins
1GaNupdUBzfVF2B3JUAY1rZwHoXJgjyzXj got 100194444 dacoin
block 255328 tx hash 59cb6027ff353efc8459c7b22de036a3db96231065dd9019feb22c6f92256aa7 value 1000000000 -> 100194444444 dacoins
1JYXwhzeTqrLXfg79EbQ95GpoDHxZWWE6d got 100194444444 dacoin
block 255328 tx hash 0c1d774d553b03343f38ca51624d9bb08068c6de074f6319947617631726b0e3 value 500000000 -> 50097222222 dacoins
1JqDHs9GiNckdTYRjwDQqwxajiRFQyuNcH got 50097222222 dacoin
block 255328 tx hash 31b9d3b5de3f6d8058f5475f33f995705ff4639502d942dec4591f51309f7a6d value 1000000 -> 100194444 dacoins
1GaNupdUBzfVF2B3JUAY1rZwHoXJgjyzXj got 100194444 dacoin
block 255328 tx hash caf63eb38276ee00e961da016c63e2c4d4a2745d852b15c5d1fa6e7fcd174354 value 100000000 -> 10019444444 dacoins
14REHKxxXicArkZuvfA7DkXeoqgWXZ2pzo got 10019444444 dacoin
block 255329 tx hash ce2145b2c09573ef3d72e7314298607ecea0329e09c28eca1ccc9226c324899b value 82000000 -> 8215945800 dacoins
1KA9SV5pyqpW3sqZbfAWhSRiVeeN552BXQ got 8215945800 dacoin
block 255330 tx hash 526b0f929576c70f21b0b308df6de0ce0d426544a309528f4de9a766acaa00ae value 1000000 -> 100191567 dacoins
1GaNupdUBzfVF2B3JUAY1rZwHoXJgjyzXj got 100191567 dacoin
block 255331 tx hash 234c1f9f5f1b885bb6e4044b0ec140b8a5932ce94e847d64afa2885ba6fc1957 value 490000000 -> 49092685185 dacoins
1KA9SV5pyqpW3sqZbfAWhSRiVeeN552BXQ got 49092685185 dacoin
block 255332 tx hash 564c83594f0607306f1b0db8f88cbfd871df898ebca904d41da27a101b59de9e value 100000000 -> 10018387897 dacoins
1F2KyKaLr1QbCgGGAjuBSQSJo8GQ6CaCwF got 10018387897 dacoin
block 255334 tx hash 42708ffcedcc07b72a2cc54048b2dac0db6ac4b95e43b6f7d64e470fb06d9242 value 1000000 -> 100159937 dacoins
1GaNupdUBzfVF2B3JUAY1rZwHoXJgjyzXj got 100159937 dacoin
block 255334 tx hash c84a9a340a27c317f90577c9cfa2f9a95eb296c637222efe3941b4b0cdaea7cc value 1000000 -> 100159937 dacoins
13xyUnidQ1JhQk7hor17eQAPw96hwNZhHJ got 100159937 dacoin
block 255334 tx hash ff4ad319b2deee31b3f3dbb0f464487f5257b8f490514a750fc5173932c3d3bc value 2000000000 -> 200319874339 dacoins
1Po9mw5bbgx3HxHZ8Vch24XcmHTiFTRDuW got 200319874339 dacoin
block 255334 tx hash 3116aa8e2b81d4e9f5461cd38469d3e1fe77be986daaaaa3662cee7e61d2eb06 value 1000000 -> 100159937 dacoins
1GaNupdUBzfVF2B3JUAY1rZwHoXJgjyzXj got 100159937 dacoin
block 255334 tx hash 166c25c53d4b2a5cb506bc5dca616a4b1ed701b3036e64dd550af5fbbba9b341 value 10000000 -> 1001599372 dacoins
14MUti4hZhpnqeqswfHxLWFbYQ1GqezJEY got 1001599372 dacoin
block 255334 tx hash 89746706ef99912741b047fee641ce4da90fbe16780c329b0236f3c2d1647e36 value 10000000 -> 1001599372 dacoins
1DUGRxypnPrQ8t7umv1QPwmwwYnt6dFA3m got 1001599372 dacoin
block 255334 tx hash 8ff8412703fc995538e07a62e72121e05bca103e2a5c690d35a56379851befe8 value 199990000 -> 20030985834 dacoins
17czXHWXFLVUdgiQSc9FJDT6Fi7ooXj6Uf got 20030985834 dacoin
block 255334 tx hash 99edb4653322708686491b0b1278825f18aaf1a90bb12142c7cd37fdf3e732f3 value 1000000 -> 100159937 dacoins
1GaNupdUBzfVF2B3JUAY1rZwHoXJgjyzXj got 100159937 dacoin
block 255334 tx hash 45f6314f90f2bc5327c9c111a51c4364fe512dad91fd20914a4201faadf98d7a value 1000000 -> 100159937 dacoins
1GaNupdUBzfVF2B3JUAY1rZwHoXJgjyzXj got 100159937 dacoin
block 255334 tx hash de87963428f7f32690d66641e3ec866baacc44112a98ec26f1aaa5bf88001920 value 236350000 -> 23672801150 dacoins
15sv8nv5MweHeXnHPbiCaNNf8FDtsG3JdW got 23672801150 dacoin
block 255334 tx hash 0100e72ff68cc0dee87aeb2be2000b6ba470f66a7017c352b6825179c6a04e4a value 80800000 -> 8092922923 dacoins
14MUti4hZhpnqeqswfHxLWFbYQ1GqezJEY got 8092922923 dacoin
block 255335 tx hash 1db758e0225735ed05c9381d2bd95cc83a6a9d61bfff07c22da4ed5894a4625e value 1000000 -> 100146842 dacoins
1GaNupdUBzfVF2B3JUAY1rZwHoXJgjyzXj got 100146842 dacoin
block 255335 tx hash 417ad51dacbb9a164fcb38be94a080802b473e6f337c9a1c4d8a77cbcbf48a31 value 1000000000 -> 100146841931 dacoins
1HLdSSpvRDcAyD9k91yS7X9o2jaJiKeqp4 got 100146841931 dacoin
block 255335 tx hash 23062f1137573537269f1157c75de3bf34bd65ac69d17764120b1b24962bb9c2 value 10000000 -> 1001468419 dacoins
1DUGRxypnPrQ8t7umv1QPwmwwYnt6dFA3m got 1001468419 dacoin
block 255335 tx hash 5dfc3d724a2f0c914551229ebd1d5ce64ee0fec5f8a629b7f80eb0b2af42e0cb value 4800000000 -> 480704841270 dacoins
1Pd1ESY2Hfb8Mom6aTJnpJBEAnkzghgRJq got 480704841270 dacoin
block 255335 tx hash c0b747b2eeb80064644424984129519d1affea371f06bb4c6a2a28f7f1bfa83a value 1000000 -> 100146842 dacoins
1Ls3wRUtiTv8fXcjXpT5LYjuxJ7rwWCEKb got 100146842 dacoin
block 255336 tx hash cab92daccdc464fc7bbeee51e145cc91a3d5305e46f3e915a19c7b6393648b86 value 1000000 -> 100140575 dacoins
1GaNupdUBzfVF2B3JUAY1rZwHoXJgjyzXj got 100140575 dacoin
block 255336 tx hash 8998770c2fc05fc06594a2a4e4dfc7cdd9272ccf56d82c51759fbfd177862830 value 1000000 -> 100140575 dacoins
1GaNupdUBzfVF2B3JUAY1rZwHoXJgjyzXj got 100140575 dacoin
block 255336 tx hash 0afe9b743106fdb733a7e85a3b4defe3be96500a82d0cf047baf0a9830c555af value 1000000 -> 100140575 dacoins
1GaNupdUBzfVF2B3JUAY1rZwHoXJgjyzXj got 100140575 dacoin
block 255337 tx hash 3a4bcf79fa7f88956c6ddd37988d8fb9bd39b963cd97d4e65a480ef92ac5e68d value 200000000 -> 20025469577 dacoins
1CooyTFrq7iUh6ATMxCE4nNgHdgJox8Fxd got 20025469577 dacoin
block 255337 tx hash 03b7d70212f4ded10d88bc593b37369e6e692785481a605816fef3d7ac9b8858 value 1000000 -> 100127348 dacoins
1GaNupdUBzfVF2B3JUAY1rZwHoXJgjyzXj got 100127348 dacoin
block 255337 tx hash f268b3856ab5ada5aa33a19abcfc0ede5052d649e2be37a8d2f349fa76ef9e5c value 1000000 -> 100127348 dacoins
1GaNupdUBzfVF2B3JUAY1rZwHoXJgjyzXj got 100127348 dacoin
block 255337 tx hash fb90181d5096ae428abb1b10ceb807c07643d367a5ed852010c20c72345ff721 value 499950000 -> 50058667574 dacoins
1EYwqZCP6tZJhmADMQtKdex9gWdrsPd4Jo got 50058667574 dacoin
block 255337 tx hash 826c7453ca2e5f0f5ed22674b6b9b68b406d15c2b9c0d093b110ec9c04795608 value 1000000 -> 100127348 dacoins
1GaNupdUBzfVF2B3JUAY1rZwHoXJgjyzXj got 100127348 dacoin
block 255338 tx hash 529718d849840017fafd46297f4224850cea1fe5ede97d454be349b6338c473e value 2500000000 -> 250305886243 dacoins
14S5bE4ZGbb4oMXsnNn4zErdKBN5Lyiihb got 250305886243 dacoin
block 255338 tx hash 77aba6cc302c9c0c217e39633c006d7a91c4f4dd8d67e4030f2fbda22bf39dc2 value 2500000000 -> 250305886243 dacoins
1GD6YyXnd7DKvfUKs22Fp3FSGuvK6n4F4j got 250305886243 dacoin
block 255339 tx hash 73c490470ab2be02e7916397293ecf3983693873daeb3361b10980eb5940136e value 300720000 -> 30107496694 dacoins
1JzN8RsgCTbbJcjLa9dH93GkehcmNxxZTL got 30107496694 dacoin
block 255339 tx hash 20105294b6d6d662d3394def5539b309b7f9b9205e270a52031e0ab55537cd09 value 154320000 -> 15450215782 dacoins
1NYdPSXbWxWQMXG8BhnXYUhFaLFAoyeHR3 got 15450215782 dacoin
block 255339 tx hash a5d67b14d732d58030d9576d62d2d50088c325cbfb4d6bd0ae65c53cabd69c9b value 6900000 -> 690814469 dacoins
17VP7dV8dxn3pDVxrjtgPiKhs37FLBBX7u got 690814469 dacoin
block 255341 tx hash 46d8972e9c3d6b0ee2119de36f9e39561bdde9d63d790ffa9e0f0c627a916e90 value 1000000 -> 100105589 dacoins
1GaNupdUBzfVF2B3JUAY1rZwHoXJgjyzXj got 100105589 dacoin
block 255341 tx hash 897461a5b4ef5604c37d83a1f0de42bc3e7f5a4551156135e35d242a1f76cbc9 value 1945780909 -> 194783543229 dacoins
1HRE7U9XNPD8kJBCwm5Q1VAepz25GBXnVk got 194783543229 dacoin
block 255341 tx hash ed7d55147a232b3645f9db8f6b11d0d0dd7b26c14206615564475340054c094e value 500000 -> 50052794 dacoins
17dkzPoFrkw5V2sDsBqSbbbvygaPzWsz68 got 50052794 dacoin
block 255342 tx hash b3b9b55e77550c3475b8a813d8a77fe508b2d71e739fe8476c7c7476fe25ef2d value 1351738697 -> 135305780444 dacoins
13xyUnidQ1JhQk7hor17eQAPw96hwNZhHJ got 135305780444 dacoin
block 255342 tx hash 208988fda2a0359517314f56e7d226f65cd48b0c587acd42468625b61768cfa7 value 599950000 -> 60053546708 dacoins
15XDP6tMciP3xxBroJCPoqTAvZJz2x1kAx got 60053546708 dacoin
block 255343 tx hash ba1fa92099b52d8697ec48fe720e77312407072594f366b8dd0d8df327d3c140 value 1000000000 -> 100094229497 dacoins
1HLdSSpvRDcAyD9k91yS7X9o2jaJiKeqp4 got 100094229497 dacoin
block 255346 tx hash 73fb62ccc15101ffbe44c6b79b1110e7bf2dd503aeecbd8b2fcdd69aee14514d value 18000000000 -> 1801450892857 dacoins
1HcQb16RSjdiH622sNs7Qsqt5vNWWa7oKV got 1801450892857 dacoin
block 255346 tx hash 051f71b9a52898829e7c37792a2ec882d36d9fb16227ffb744f3295c6a451696 value 505000000 -> 50540705605 dacoins
1MqAVaKzB9NKmxH1cGqmtWoUeeZuVTuy2d got 50540705605 dacoin
block 255348 tx hash 61d7200f3525b51f8441a1a629e16a385e3fcfb8bace9eb367d753934279dbc4 value 122507069 -> 12259252821 dacoins
18iT8DhkKDEMya2bDN1HRKEv6tWSQEgSbi got 12259252821 dacoin
block 255348 tx hash c257b5eb98b43d6e550788753a8743adc5817558e7c67ff2f653e4da480c6c3c value 500000000 -> 50034879299 dacoins
13xyUnidQ1JhQk7hor17eQAPw96hwNZhHJ got 50034879299 dacoin
block 255348 tx hash c16598103e85156e0d3250f8329bd1a2c7fa7b2403d967672b7b9b7497ee7a8a value 5000000 -> 500348793 dacoins
12y5do1mEWJcrawDq3p66Zd9NSUdWUAqYF got 500348793 dacoin
block 255351 tx hash bc35065c7ee3642c4188490a289fd8860e4929a19e99878ddf7e93b13dbf88f0 value 199500000 -> 19963009722 dacoins
1KGWhADxrefkLZHhthnJ4HkEsu5t9zVPF1 got 19963009722 dacoin
block 255352 tx hash 4eb12949ed57e8ba3495ef4c51c5b8675c780f7586c59fa62c3bf18246f8d52d value 500000000 -> 50024603175 dacoins
1Df8GTfWasZHJ4svNXR9sGrmXzTRt1Z5BT got 50024603175 dacoin
block 255352 tx hash 040e5a32bdcb1961a261d2a54852791d71ae57f4d2db1d30ff55f23d5c853dd8 value 100000000 -> 10004920635 dacoins
112xdxgBpCV6TCAXrJ3Cfv3cXQwGyHbH6L got 10004920635 dacoin
block 255352 tx hash edfe721771f7e98081a1b7a04576f63da78039806fec1cfcf59b8b32406004ea value 50000000 -> 5002460317 dacoins
1LzbWC9xo4TC5j6P3tjYT3fJVQ5XpaYADE got 5002460317 dacoin
block 255356 tx hash ae57a6c220ce7dbe3baa4eb904d50554d24b25534582d29f79a59cb864d484ad value 300000000 -> 30013784722 dacoins
15jY9nQsgzdkuj7Rw2KHGpDKoxv59gDJE8 got 30013784722 dacoin
block 255360 tx hash d37a41717feca7ee0f2ff071e29abe196a7aec219664a9b2f9db33c88c15617e value 200000000 -> 20007218915 dacoins
144PHZQoDNfhGwUFtAKayDyJSVQm1YkyHm got 20007218915 dacoin
block 255361 tx hash bffb6edb80d0731002d914fe55154a694e61c2a1d38b9b5bcb1773d0d2db3e49 value 1000000000 -> 100012119709 dacoins
1K5ZEkQ8Pzwqedg2WHsKQd3xiAGnj7MeCD got 100012119709 dacoin
block 255361 tx hash d1a7922993d7ed20a597b931fe30b10fca08382ecbb087f6325e71ea08750758 value 29950000000 -> 2995362985284 dacoins
17VP7dV8dxn3pDVxrjtgPiKhs37FLBBX7u got 2995362985284 dacoin
block 255361 tx hash 1f8a8e93cb6fb21815c2e6471685703c75837e1f2a53865757228adab6c295f0 value 99500000 -> 9951205911 dacoins
1eLiRanANMyXjVGU9LMqzm9wGKdRAg8q4 got 9951205911 dacoin
block 255361 tx hash 67d020ff3d3d973ad193eb0b941034fa393fc24b4a27e0f3d65b1d0693ebdf56 value 899200000 -> 89930898042 dacoins
13X7yRvpDf1NKLhzsYHaghfNJQ8JpXTa7N got 89930898042 dacoin
block 255362 tx hash b111ac1df8fef7c1c0c8699898e850b539cd5062950991788670d6fc3f2baadd value 100000000 -> 10000000000 dacoins
18cSnNojZK11mLRk9ND3iosxrvZ9VBXtBh got 10000000000 dacoin
block 255362 tx hash 23bfafb474e21356fa7f7fe302b5301accde1fb714f0bc34d1f015d16a20c3f2 value 299950000 -> 29995000000 dacoins
16WsVPMRUCdMiT1rMxM9CEspdn7JYD2U5j got 29995000000 dacoin
block 255362 tx hash da621a2bd48c2bccb536741a5eb94426e191519e1875ccf42b18354130272ae7 value 100000000 -> 10000000000 dacoins
1H5i3Pz9y1mYnXqXDAxJPohggwyBT98oc1 got 10000000000 dacoin
block 255365 tx hash fedcb2c01555b284c96326f3ec28007e550e9b3bf68437a4f1e011c9a7c25a19 value 1199950000 -> 119995000000 dacoins
1Bqp4VEweM1S8FKGHWYviRRtSxv5tMAVih got 119995000000 dacoin
block 255365 tx hash 4c097244046e1b1fa23edc7ad8efd10babbe7c0caa13925c33097b84dae57af7 value 1100000000 -> 110000000000 dacoins
1KDCt8VoY45ya3QnExwtZEdugAnRAncr1Z got 110000000000 dacoin
block 255365 tx hash a37c9271ce64b9ec4ac147990a24c296747251d09d8da0e27c6a214fbad08421 value 1560000000 -> 156000000000 dacoins
1Bqp4VEweM1S8FKGHWYviRRtSxv5tMAVih got 156000000000 dacoin
