1PA8qhEzW7to6EeqBAdhVZYGbVj2MfmN2n,231091243386
1JvXUatqyiBs1gsp2vYopyc9QnStfVn2F1,72216013558
1JRfc5W459i9PAPiGDvTUuJve9fn9z6YjK,14419591601
1HETPNRFYqoXEEkpvNY4zVLsQcTumfhoJ2,72006679894
1DmuFKdM3wpD9rDubQa75b8og2HdS6mD9g,1440052249
1BV9k7VQbtddtLeWxkTSafcYHUsWLJoqWM,7194767692
1LQzaHiedzHDqPW8q95SyEL7fAzahvrmTo,35938793816
14CQGTcpq6pduhRUKC5SEShBZHiJJHiKMT,14372771164
17hvZSX8rxn4oqWHvsWNd6BNq8jTftTvMj,1436649636
1DoUJcTZMMHN7fMfg2aQE6ohZKXroyXyWW,17236738095
14KxxiYghzaMiu6Ygcp1q8H4JGWViXLjua,1435843585
13dFPB1ag1WsJKBWoUp6yUiKYDKvUGFEdz,35844283234
15WrQhYhHts7jTMoGJ9rDCD12JuCTKy7MM,17519517794312
16JbDstcRNzevcBSVu7XwUKJ3bB6btxWHh,114459047619
172mDyjew7PnUpMRdNPjjv1bU1u4Ftgs3M,1429964285714
15H4EyX75muU78MQTHgNj9S75RbGVtZjJW,28566481481
196V2uB471HoMHwbkQRQRiwd3aYpU6RtWg,5994129166667
1MbzgJ9fwqcu2HWByHpUXUxASyURvJ5AWu,14260408399
1EPsEDXYuQV6nmHE5wgwtJmoiD3T1AXwsW,28417815104
1AsX2fv1QRFgCYT3F1YMWm37nWnW8TkZnm,14525201389
18ebxtqmwE2MMJtHbpAosrKEem8go9qc9,7070485284
163dXoX3bfrM8t8DwbhzfHdGYNQfYfXhK6,703514632937
1K9ETVUmDcfahqzoanBBmbaDqVmUmqrQJS,588810138889
17tJw9CG4ufjA1yXd4TFR1wqdgMUFzi5n1,13855634921
1nivsN37oY13sqNoxzPa3nZrDVQzWGBYD,4328703723
19mSdN6s9iBHFyJ2ycHbzQ7dcnfgZHN8Cu,273714253
1Pk3gL2UQGEVSLv6FUVLfx8QT6mfsDhDa,13452853836
17kKzeuAMhV8Pw9R62CWkhi5pXKmigMJQa,13447939815
17bGDJTMeiWx4LJdf8gECEPFMmCpY2jA66,336161142053
1Fi4UdfU7Bw9CdX85K2rtzMoZuESvDPNS7,6694997210
1AxxvjavPMEiyT7quRVrfWj9xjgv27PSCS,66971585648
1Hkjo5N1CLb7XmUtCp4xWRder81CRfpdNd,133542873677
1P2KXwVg2h4iDSqiQf4tCkSL2XEVTAyqrB,133340029762
1KRaQh3k47P4Mu4XXviRGHrgYi7BK5hsAV,266625859788
1NeVKGMiNZ6fuoZmVRthTBNw1cJ3MGevwU,9987256944
1Bqp4VEweM1S8FKGHWYviRRtSxv5tMAVih,33239141038
1NHaFCh2fYzqghh8S7YN5fX4xpSY6W3tBz,1322364477
1DM8pdm1KbTfAcChuoawkEEbwEqGVzmqQ4,13154006283
18bVHTir24mJdYfbUgpS3k9mkSSzZU3kp1,32877719907
13aJiZTQYMYSkfT9E366jdKbZgPTtzA2kw,13055739087
18hoYB6KH5nTu6iE1SH3fNKnnRKFe2vaxF,1303966270
1CM9jmLrzSUXLRAwFUbcmN7tDiY4Wyi2VC,6508160549
12jxqC2xCdwT35dCYiUQ9ad5rNCoehzyc2,32510178542
1Q1sFqsi8S5DxV5hz6sWLamGBp9To93iG7,127723987298
1NC9iRjQsXFQFQXS5RCqDvBEuNHVf7KHTG,25500486111
15KPAgwFaRQYxqCV95r6qTHCZgtr9HJVtZ,6331183862
1HxMra2tkzjD4FmGWyBCJdECL4iiM9oGSk,14292988127
17xU8miooPMkdK9ZWuQr9NESpr38tHryjG,2013225295
15og4WXZPwkMnnsb3dj6HqgTUfcRLx4J9b,52757493056
1GPwJvMpB4vJPuMwHs9JDAZm9Lh66Y2qnS,249558201
1PY5X3hbcy6timNa9CQJzzwLeJgvDJ4Dik,249558201
1roLMd1dT3Arpsq6sqjProZU7vtKL8cx1,183263488609
1KEr24zCxEwf4WAdwAQ8gy3grsXGfFPaGy,7394243
15og4WXZPwkMnnsb3dj6HqgTUfcRLx4J9b,7394243
15og4WXZPwkMnnsb3dj6HqgTUfcRLx4J9b,7392809
158qYAqDu4GKeVHDiTYA2xAu5Ew4sEU2Ug,24601309524
12bDX26J84x545pzfSZouULeqjfBtAe9Lv,366663144841
1oC8H1TZ7JLrt5iD5QtEpBa4p1Nfh8oXG,6098439153
1GwdoK2ep5sLGyeSuyHiXhJeQd3eogGjR5,1827629216
1KaM6ANCsKgFnsTRUXnNZzHT5ZLpnRsf3t,60905935847
13qJCzNQUx7dFcixjq9Rab7wPgUCtYS48v,3045177745
1ModAtK5caWTxktKr6EfnEsQQddfVGXaHX,121616700
1Mt1tCGyJnD6SHzBgxtg6GRJLUhqQrc4ff,6056506283
15XJoDF4xCUrWX3ES9ftWq3wnGhuRsqrLk,6055548942
16rQVMZS9k6grNiMybYfznH2R3TViYNMC6,12056734458
1ModAtK5caWTxktKr6EfnEsQQddfVGXaHX,12040770503
1Kqy5J4KdYCYG9N7rWRQdq1wfBGmQiPG1n,5949003803
1DLyCnaUYVgux9L3MPWkH1VHQXTHoTUC9r,5944117890
1FCVjvfKtLYpUq31S7CfMG9EqqEUtw2Pem,1425958333
1G4viUH23ktwEBoistLTmCvN2DuWeBfaob,4864758466
1J7Pzq1MvS6ti5YV6dfJ4NW9iZU4uhMEj6,1185397321
1AMgiLXpQ2rxtrVagtCfxjXJV44QumWNhP,23519179894
15og4WXZPwkMnnsb3dj6HqgTUfcRLx4J9b,7048753
15og4WXZPwkMnnsb3dj6HqgTUfcRLx4J9b,7048753
15og4WXZPwkMnnsb3dj6HqgTUfcRLx4J9b,7047759
15og4WXZPwkMnnsb3dj6HqgTUfcRLx4J9b,7047759
15og4WXZPwkMnnsb3dj6HqgTUfcRLx4J9b,7045897
15og4WXZPwkMnnsb3dj6HqgTUfcRLx4J9b,7045897
15og4WXZPwkMnnsb3dj6HqgTUfcRLx4J9b,7044990
15og4WXZPwkMnnsb3dj6HqgTUfcRLx4J9b,7044990
15og4WXZPwkMnnsb3dj6HqgTUfcRLx4J9b,7044990
15og4WXZPwkMnnsb3dj6HqgTUfcRLx4J9b,7044990
15og4WXZPwkMnnsb3dj6HqgTUfcRLx4J9b,7044262
15og4WXZPwkMnnsb3dj6HqgTUfcRLx4J9b,7043487
15og4WXZPwkMnnsb3dj6HqgTUfcRLx4J9b,7042318
15og4WXZPwkMnnsb3dj6HqgTUfcRLx4J9b,7042318
15og4WXZPwkMnnsb3dj6HqgTUfcRLx4J9b,7041551
15og4WXZPwkMnnsb3dj6HqgTUfcRLx4J9b,7041551
15og4WXZPwkMnnsb3dj6HqgTUfcRLx4J9b,7041551
15og4WXZPwkMnnsb3dj6HqgTUfcRLx4J9b,7041551
15og4WXZPwkMnnsb3dj6HqgTUfcRLx4J9b,7041237
15og4WXZPwkMnnsb3dj6HqgTUfcRLx4J9b,7040591
15og4WXZPwkMnnsb3dj6HqgTUfcRLx4J9b,7040591
15og4WXZPwkMnnsb3dj6HqgTUfcRLx4J9b,7040591
1EDDiekhvJVCZpfrYSHPCitnzLgrXUXutt,52709918155
1BMpnWtwT8yCaYrncb2K9HCeE1NMQKX5xv,23044887566
1LX1Nv7C6RnR18ir3r5GrmyVvG1yy2EnRa,573773946346
12VamRhmcgsWWKWdNuzWqVYTvnuk2Dsx9b,56848875661
1B6cMHmdRnGgsAGzyBv4JeBjoxXgcrigk5,5649682540
13qJCzNQUx7dFcixjq9Rab7wPgUCtYS48v,563429563
1Kqy5J4KdYCYG9N7rWRQdq1wfBGmQiPG1n,2795608052
12bDX26J84x545pzfSZouULeqjfBtAe9Lv,332956795635
19feAR37pguLwDyEMc8oiW2WT4esrgR5z6,5544255126
1DSeB9NW2VDeG26Th4fmRGMf6sxww215mZ,221693981
16P9gkfoX54maGbX6x7EHz1qnY4n8d7rYh,3103611111
17UDyggWFP6T3tUPTUEHMU8gxRtLZHG322,5522609127
13PosdpaGPQTQ2TUkr37djsHqshpJ8k3NB,5521622024
1CQqn1Rx55B5peP7WoucYFMptqM3ASZB6W,153047593
13NRX88EZbS5q81x6XFrTECzrciPREo821,25649001234
17crSnfzrevwmqQo7QavEFr4QcaYujbosE,32783859127
13P8CSqRoboefrNsXKZieWYtZhJ4KcQHhH,10919496185
1PBk85ohrvbiTpDCMxjufAbFfCg3ZdXn8e,5459414683
1MxAnJim7cxBp6qwfcF99xiNGggTpCzWJd,10917018849
1LB2AZvQrLaBxti8gkUHRfZ94oKF1dQmQS,13425348313
19AJ7rVbFeeyeoWjjWm5xrGaoTwPH5bLpY,4365305556
18chrWPjs9ug7Xq7xDiFkqbe9A8KQdG7eH,3110204340
15bPHecc5crhXxLnWy11ED8epfGqeBeS5t,218259954
1MTdEJZoTRbHyUGMjkQZWYBXMcusxkxLLR,2558251539
18XcsA9AQQRWaFonAWECg6W1zZsmgYjioY,13617761380
1B2aZeoqGVrZUJg36waug8dNiDK7yX4JoT,326956647
1MR9wDhmKVRDcVcpm2c4BB71SR9yTYdBvg,32693640873
1Q2kjs7MjWgCtf8CfVkXHUkAeKbaMqrK9R,10892384259
1Fi5NGyKoLu1RGveRs9VvjRpVq3kAAoqMa,5442049438
1ExeGhKKnTwMps5R8d4PyKvdp42dK8cKpx,10881421958
13x2dka6tVhjsNNNomGJjUPi2iJQCb67bw,1087679398
1HHTyQWtA8Y93CAGSHZ134yBErtxUoDAYV,3803219329
1CsG4xVTbJe37gZioPTvPReaoUtWdBBvsq,10974594793
1D5bcwsAvw8nNb66Pu2nw9BZyfg6kkUtUx,5305650674
1MQCRE2ePC1M1AgseWar49ncY1Dyk5MGWN,21647609231
1Fq37GNfyxSvnmye3QdxH6GpPAQ3enarfs,5406375661
1J7Pzq1MvS6ti5YV6dfJ4NW9iZU4uhMEj6,968603407
1PVKjb7QQKRZ1urGPmf7xz8ZgHJaqZM9DJ,17763374193
1A14hK16TgHCYzyqHm2VNZDe8ShYuZ981x,11090075859
1Ki1Uxc1P1HRfk7Awq8ayZghzwGCsYWe9o,54038037368
1HLdSSpvRDcAyD9k91yS7X9o2jaJiKeqp4,16208444940
1EnVK4yMdfAQHoJ1q2WBSFXxbwERoeNfYc,108048843
1EaMiS5stT6FKGEEWQCY3X3ujci3m5MP2m,10775650880
12sVF4gaKPk1kmGaG8XxtoqgLMxWXr6ReE,5391898148
1LQBddrjjUaMLHcd4cG9XnN4cCZbHfREJF,1078119709
1NVwVUhm4tHxpGZg6AMSNmxYMUwkyQe1fn,5386860946
1GXnFHXZ5FAqWYp2iT1rpnLm3XAiAh2fuq,10766020172
1x9K9xAft1e9D7e1biMp77JSPQXUtWDwM,10763224206
18Se5aMNvhYTJoVT4bARcJVVT51mHBwjbJ,32287207341
12SdZk7Gd19zbvQZDF447PpHSpGY5SGYE2,480998334741
1NQSMowgQVWprE1dwdbzTwCfFrVXK6sUh2,537222387566
1RavenHqiZ7euZ1ETKkKP74h5SPLovdF6,1063476071
1MR9wDhmKVRDcVcpm2c4BB71SR9yTYdBvg,10737222903
18YwerNLcJhn1ZC55yoiYHevuuobmW3Pww,10741519511
1RodtRU2EJ7DMgZCjgznivm5yqoeu8Lgh,47450662438
1Ki1Uxc1P1HRfk7Awq8ayZghzwGCsYWe9o,53649818122
15og4WXZPwkMnnsb3dj6HqgTUfcRLx4J9b,643798
15og4WXZPwkMnnsb3dj6HqgTUfcRLx4J9b,643798
15og4WXZPwkMnnsb3dj6HqgTUfcRLx4J9b,643798
15og4WXZPwkMnnsb3dj6HqgTUfcRLx4J9b,643798
15og4WXZPwkMnnsb3dj6HqgTUfcRLx4J9b,643798
15og4WXZPwkMnnsb3dj6HqgTUfcRLx4J9b,643798
15og4WXZPwkMnnsb3dj6HqgTUfcRLx4J9b,643798
194iAz9vJw6tXbxpVZ22YWaYyWDL1QCBDz,643798
15og4WXZPwkMnnsb3dj6HqgTUfcRLx4J9b,643798
17uK6u4nTbWv3h6WNKg7ejxmgXvy4qebBY,643798
15og4WXZPwkMnnsb3dj6HqgTUfcRLx4J9b,643798
15og4WXZPwkMnnsb3dj6HqgTUfcRLx4J9b,643798
15og4WXZPwkMnnsb3dj6HqgTUfcRLx4J9b,643798
1Bqp4VEweM1S8FKGHWYviRRtSxv5tMAVih,5361550099
1BhHGLm843e3kXyMoWr64UBq9Kh8upAY6K,18120686039
1NZCgBRmEcidNNNCWiccVDEvVRkV2CD7q2,10710864749
1GhwyPsMn2H47vWjJBAc5skZrdcWsyMDZL,1285254365
1CQhTj5tAtvzGti2oUiBqF2D8gGvGkJbTo,110273405925
1LjT88X7Zu8BdbqJw8vfRa83NJuzYL9kqm,10712380845
12LSJoCAqvVQyvW5qaKGp6ZKMaaZpUcCv3,10700200066
1Kqy5J4KdYCYG9N7rWRQdq1wfBGmQiPG1n,1068916501
1C438zHsaG3PZfjAdo3dwS7UrrHsBa7iUb,6372438084
1NeVKGMiNZ6fuoZmVRthTBNw1cJ3MGevwU,7999849950
1NeVKGMiNZ6fuoZmVRthTBNw1cJ3MGevwU,5332780258
1nuMbaCBZhDsEe3oKnHY7FtFUtbd1fckf,10662311508
1Gy2XEo7aF4SsTAjz6ZWfdkiRnDuNpnMP7,12994790766
12VamRhmcgsWWKWdNuzWqVYTvnuk2Dsx9b,53274413029
1CFQgs77DDuixrNYqkj4RoQGrSgJmVcaiH,10644222884
1EfH4Sz6CKxpq8svB2ZfuYqNxZo1jHuwsx,10636585462
1LLnRXbnVuq7h3Dtap64wXuw76nnjPnjYi,54686718948
16QkgycuGwFvwQ8oZ5cYHgVjDNSavcwovS,53168692130
1Kqy5J4KdYCYG9N7rWRQdq1wfBGmQiPG1n,1595070121
17t1avq2qk3R4Q3qzSZgjj1FihTgS5JgvY,79739136905
1NeVKGMiNZ6fuoZmVRthTBNw1cJ3MGevwU,31895654762
1eZwsyQJbUhQduw1TJcWTbR7HjnbLgQTs,53157349537
1JME1dvN2zAAgXhXPnWSWFGQ4Z1iHALFj9,3188535218
1BFqkdUDwp7k1Qa43vmSWEfj6gaoUVswwZ,10628277116
1JME1dvN2zAAgXhXPnWSWFGQ4Z1iHALFj9,10624208003
16DQ4vNFBij4zZ3CURpgX1CCmxSw8yrZdr,2124172288
1AMgiLXpQ2rxtrVagtCfxjXJV44QumWNhP,31854761905
1KZmDQGzGJWYmPP9X3b7TA9dY91KBXgaG4,21224580094
1KZmDQGzGJWYmPP9X3b7TA9dY91KBXgaG4,5304715
12cBdcNSBHwhJy4oLWzWne2qGu74PsbhTT,2755469940
19PeRXtHfA9qoQ6MFkR2U7QEFTfdSckE1,52958903770
14FF284GJ7d9m7WnkhiosFLvwLQ2pqPFTG,10579720569
1RjrXzEhSsbTMYw2XJrvt6fSiKU9mGeRZ,8271059380
17nnHLr8gKn6quWJo2orbkxgPj8Y9vcMZj,41189316096
13CsP5SArN7fPXcXkcH331PPEuzCXdo5i4,21079411376
1FC9RHREEsUszQHapstfkFcHVwv9ye2QpR,10535380291
1VP9VM2Kk9SNLRDTJzsEe3WtoKLwWfnmc,21042979497
1Kk6eLpM3cpgC4NEzXLzjKvdndd8bPox6f,21555312748
1C9RKyQ9X77iA6ARd182dRyGiacedGwYec,31535004960
1MWs4JQHn9aY9BQXXqV9bnSZVX3Ecggz9i,26263277213
1KZmDQGzGJWYmPP9X3b7TA9dY91KBXgaG4,10507412368
1L83XWGbddEyabcipQNdcibc8q7pJSorYC,25095844590
1EZnzK4XPwRjAGqyK6oQmy7NpT6uDhWf1U,36715888383
1EZnzK4XPwRjAGqyK6oQmy7NpT6uDhWf1U,10458637527
14vTNM7pZiG6qZbmf2A8J1x9wLdYTHvcPX,7867937748
1JMKBtZbqhZFbJ9GdFdupTy4tGd2Q797JJ,1048728340
1AgZvwAoNDFGkQYEF193RAm3qxipWAEFAH,1048099041
1N67g4FERNdTrSTrRUcXCQPSyk1LW2ybHW,10480669643
157FxpGB4ds4sXjSjXqwAXk7WQQSAojNFJ,19385907738
1donutMH4L7kdRqh4xvSvesfd3KFu3UNm,10476380622
139Dx25QXHBJD1tfLQMwASAAJrWFiM4BPz,173674178902
18XV6qXP7U7HV22Y1PajAiuLfGbkBc3Jfg,13071480241
18XV6qXP7U7HV22Y1PajAiuLfGbkBc3Jfg,13071480241
1FriA74vipRm9QGQHoWREHHNTBJtS9tR1k,18801716326
1Pohx6GPsnvnEsYWRRdaK7GVAUkHW56R2K,2089444444
1AKQX7Qso4UQeAPD7rPWnDAQr43z6eByui,156612276786
1BCMago5NxA8ga9GBDur8SRbagacvRhmU1,4384533333
1FLyLEzRvV5ucRaHBcXfhqSQnwjsnCaVhH,208675000000
1Fq37GNfyxSvnmye3QdxH6GpPAQ3enarfs,5215472884
1JDNareT7T3DYQjp2L5oKHpQ9wRaDMuZ7p,27076571098
1FjLKFH6BXB6NUUhpSUNendtjBNSmNNPZT,13724584979
19x2pAiyH5SM3ubJyrKaEgfxVgRB9131wS,10380095055
17czXHWXFLVUdgiQSc9FJDT6Fi7ooXj6Uf,15239064974
18mPaJtGX2ots48KdQr4FZLhDSbgyzfnP9,20702394180
1KFZmBqaJFnBuJLL9HyPdj19dfcW6gCdkZ,29392328307
1Cnv5Nj6vtcm4Qb6dqawkLvwCTTZ43wqen,25868295304
1CbYgvA148Ew5j22S2rbgFCKToQTwRnKfS,21721083333
1J46wJTLYvhabzrVjVVwrUEUsYvLMbpNwK,3091806830
1EuFaVybvZij2hAfmRcDYAEmBqRLGRQXan,30985218745
1EXqpyc7sEVbH1dK8mdE35gM4ijiQ4kGXQ,1038350945
18mPaJtGX2ots48KdQr4FZLhDSbgyzfnP9,30981493056
1BQtQSNPhm7fJMQagc8BrEEvcDNLEkB4J9,5162691711
1BV3rErytJmf17NNQfzHkHYakgweq4HzEx,51581299603
1G3Cyx194o3yLbKFmzR4NtNE6fxJSRowkp,1028343584656
1HXaE1qztaBnJJa43LNLzexhzzbefJkm3i,10418902116
17XgPMQXbXr2RmPKKB5FJ3a2UFMw2Gxarh,16306044147
14vTNM7pZiG6qZbmf2A8J1x9wLdYTHvcPX,10252384259
12QfZDTatfAbfiFmpGmFrbNiiyX9PjtYb5,10246618717
1D2UUm9noQ5eW7mQ8oMiqxvbFqB8wuvvWS,1024608135
1HLdSSpvRDcAyD9k91yS7X9o2jaJiKeqp4,35855630787
16rUg4eijBqM6oYrSrUzvghe6QM9CHvTYW,53260166005
13NRX88EZbS5q81x6XFrTECzrciPREo821,30694026435
1DLwrAYgzMcbntvhmBHKajGEaSv9U2YGTq,10743267361
1MVb5dBgeCVwpoSQKNkcA9bwq8anx7ydnd,10230834987
14FaL26kCyEsN4NviMEv3wPQvQGuwodyDr,5931781217
18rw5npF8gTGMNwk3hZNq3sqTT74Mm8zoh,10220762978
13P8CSqRoboefrNsXKZieWYtZhJ4KcQHhH,10215331248
16zqyiBKDsL1X39ip5aVHLsxgFmxUCBeKM,40863528651
16akrvw2R2kREZtYET91bUyoPnyhQyur3E,20498392082
1JME1dvN2zAAgXhXPnWSWFGQ4Z1iHALFj9,19396420800
16Y1wE9WEGSySsUNMoKBicQV369C6E1fV,30625927579
125ana9EZ9HJotBNnGsUqecsp7MzT9Z5Qe,19151128009
1KDCt8VoY45ya3QnExwtZEdugAnRAncr1Z,102053654101
165EtwPtp3dXeHBAXpdtKher8wpR7E4Vwh,10203215939
1ALeLAXtnZrbJHNhWLW5BvNtL1uP5TqJU8,5098438327
18QTFj5KmMSoYMrCuRGgxdywj3xXYtCvzd,53115530488
1CbYgvA148Ew5j22S2rbgFCKToQTwRnKfS,577615695255
134qMRPNjXbwnq73KBDyEzH3BWqgDSK8f4,29375370365
1KJ8Q3PaVvyjV8GdVMha7VXPaBuipdEFG1,2257171726
1HonwLhETda1hQc4uLA6bzhXH4CUaBmHGb,10145415013
139Dx25QXHBJD1tfLQMwASAAJrWFiM4BPz,202899966931
1KpSuQmkejZPKj18Gj6y2fUL9GZyWCTVuh,4565878253
1G9mvD12ZAiAxMuXeiaUVDkMAC8C4FFoLG,10140458003
1AgZvwAoNDFGkQYEF193RAm3qxipWAEFAH,9125251488
19rKrjPfydDQtHfWHcFcnfXjhGzQjkAC6B,5068087798
1AJzXcrPJbXudbRF43d9j2pympLo5k5Gut,253318511571
13fBNvRz495auamuV9fNN95XDUdGtjXvfn,26070241812
1NhAB2xGPosYjooSqJET6eJy2ks15A6CNm,1215738294
17CoqK7cqNVLyv1CawzsGT12eTMP2fmHuy,202585582011
1GaNupdUBzfVF2B3JUAY1rZwHoXJgjyzXj,101292791
1GaNupdUBzfVF2B3JUAY1rZwHoXJgjyzXj,101292791
1GaNupdUBzfVF2B3JUAY1rZwHoXJgjyzXj,101292791
1GaNupdUBzfVF2B3JUAY1rZwHoXJgjyzXj,101292791
1GaNupdUBzfVF2B3JUAY1rZwHoXJgjyzXj,101292791
1GaNupdUBzfVF2B3JUAY1rZwHoXJgjyzXj,101278786
1Bitcoin4yZjSSPoXUceJaiyQLABx7B2LL,10127878638
1AMgiLXpQ2rxtrVagtCfxjXJV44QumWNhP,10127154431
18WANHBTcj8u2GU1PY4h1iG4EbvgYJM4gL,303797619048
14PVGnM5F8HfbiphzcSFSAgAcecUywadZQ,1012004299
17LWEZqC2WyZaBo7pKADcsDkA6zFjY1iTC,2345930404
17QqwZtZ221Dod33bY33SAZMXrSmi89rsP,6056807478
1QEhcXxmkkBdcfDhcFU6pFVCdiXQgFZLLY,101159226190
1HgwzP12Y8jvE6iT4TLWE96zPaFkXPSGL2,10120548817
1tybxKF5QbtJ43kiV5gAFPNvs8WR6uUWK,10111698082
1NHVAzYT2jQ8roRddYXhvZtiVjuMwuWBGn,20206713679
1LfRqHRmJa2S2U4XGVWerta2yQhbvKLG2b,30319280754
1MZH2ixqERRzuW9Ha7xqbyGoMZyfo4dv4h,10105335648
1L5AUL3vEh2hvBbxJbtuwhbnWzid9W2gAW,10103731812
13FrZaxxAWuFUqsmRVatp88h6EKTwmUrtj,11227826983
1K5Tofy7UTfcrpWBnXcJhHZzvLTksDdasQ,10103326720
1Jge9avkgP3zsSQsYeSpY5Pd7xBk3qehNv,10348198725
1MA274fPpN7cBjiseaMtTmuQCq1UjAir5Z,50503654101
1BhbBYtVSYqGifvPhien4B18MjMGLi8T6h,10100730820
1EHjzwUwJokV4tZsugPFuHs22xoinaYQ9N,729794566
1L9bbsESqmaKWsstrDETuZpD1BjLdy94ah,10097524802
181mY7b9oWKsyf5Q1K4TaJA3JhNoxSrt1S,1504531195
1Gz4NTCBJb7q5gEURNeGnEivEt2yDY93yK,10097524802
142p4ML8aXvMAnVjEZMBzyP1c6nauhtufi,1008742728
13qGRH1n7dFeroYhjd5xktmWo4uzbVPbcS,20188501984
19V6mbsUWfKeRJyHvPpmjarUyj6Arm9zcQ,2018758267
1AoYNhBr3F1yTumvtWB2bfsJ6gYZJXdDd9,10091784061
13sbvde5fYHeM4UxKJpRxFv7a9MjaKdqPT,25881610614
1MPUi31pLY3KyhMATYo1A2WJKmo8NcbYhz,30270079365
1MR9wDhmKVRDcVcpm2c4BB71SR9yTYdBvg,10094062366
1HLdSSpvRDcAyD9k91yS7X9o2jaJiKeqp4,50439451058
1CJcDhymhoMRqFHQzX9hxq7NBjrmy9EYEo,10084092262
1D11zSkRGnn6VMgaipqNeD2rtQfN5ywos3,4033636904762
1D11zSkRGnn6VMgaipqNeD2rtQfN5ywos3,1008409226190
16uce8E7DuqC5QNmsjMLcbZEmLcUBRGqaj,1512488839
1GuoNYVPUwePeYghvDP4gCny1YaFyMfTcM,15729396429
19ABrTW1XhWErJxE3UvfNuBRzB4w6UcTRp,5040860615
18fjRdAxg1aQbw1DeNM68nsD2PiEfayqfJ,302451636905
1JASe981JUgzKgAoV4SYehenkHbVAT7Ja8,3326065526
1DDhPhsydLh6dDgAg7GVT3xZuYd93tjqtp,10078986442
1Na6CZdvTMzaq6f6Xn9jyEfmbf5NiEp65c,259695300198
13kMuArrYxHpxiVtqUgtYK6viv6JvaBRt4,10075623347
1QAJh4ZCuSsLErYnbtHqaGNTb5D9tiX2er,30226870040
1AMgiLXpQ2rxtrVagtCfxjXJV44QumWNhP,70526273148
16kPgvUbpsYfxj9mvpCQqsoZ4c2oJsNfH,10068911438
1McQ3KF6eY69a1oJiJhCJj9GcJawFq3vUG,695102440
1CJcDhymhoMRqFHQzX9hxq7NBjrmy9EYEo,10066636905
1K5ZEkQ8Pzwqedg2WHsKQd3xiAGnj7MeCD,200303700066
13reFpj413XUoU3aHNbkPepd11Ha6Hi212,10063083664
1JpK8eh4Egt3a1YhrSg932qBToSRM2bcvG,5028637566
17ezCD79i6qmzPPBtD8acNbHgjsTRoJxni,40225271164
16qiCQ4ocbM4zRceN8RYwWqBRQoiGCvcNa,10052809193
17aRFk7cMSTuwpkmLk3Znzfeys2XKLVgML,20105555556
17LWEZqC2WyZaBo7pKADcsDkA6zFjY1iTC,24726534623
1DHF9MnvvM1zUNxKdu9hB2BfwFuBANPPoe,20101732804
1Kk6eLpM3cpgC4NEzXLzjKvdndd8bPox6f,10221337649
1PYXRp4Pj3PqNmyz8GA7qrhsMa1hvjjY7t,20097288360
1JqNVmZBrCvT19he79L4F2YWxydWZ3mQ14,10046987434
1NocfrxnLadDjfy5XR1JsSgdVsw8ChxCLA,1004658399
14AqQW1tKzfRnMAgKxTdDedYJ3KoUVC9ei,10046583995
1JqxEv4TH6XmMxCfRi9t3t9QhPnxp79UBH,409016530
1Ao6nURcqduZzsHHPJyKa7kyzTASVPP66L,10045160384
1Mxuru2YEg9dZ1jGSoEks3BfP7Ee1LaXAd,10045160384
17dTm9LYvNzNT4AM1kum557L539YXS5y7S,16420711963
1NgxPxvnswGG85FzjrBQ2tet1sCXpCzhg4,10043457341
1MnW3JgujMavTzBCiZyfxigDhu9pnDE7dU,10040944114
1BmPgrDRGJouzPJdtDzXb6KhYDbBi9fy9B,20081888228
12VamRhmcgsWWKWdNuzWqVYTvnuk2Dsx9b,110439545304
1HpNa5GbsPRbJ1s931oNKGqgN5gVbBBE8s,100376042
1Dswt3PZQrR9NPcTDRjVZxZbEjpvDfHnjv,100376042
1HpNa5GbsPRbJ1s931oNKGqgN5gVbBBE8s,100356052
1GaNupdUBzfVF2B3JUAY1rZwHoXJgjyzXj,100356052
1HpNa5GbsPRbJ1s931oNKGqgN5gVbBBE8s,100356052
1Eo6FGPytuYvuA3ZS6ToXqP8sScWWtKhWN,501780257937
1GaNupdUBzfVF2B3JUAY1rZwHoXJgjyzXj,100356052
1HpNa5GbsPRbJ1s931oNKGqgN5gVbBBE8s,100356052
1CQhTj5tAtvzGti2oUiBqF2D8gGvGkJbTo,103372418105
1GaNupdUBzfVF2B3JUAY1rZwHoXJgjyzXj,100356052
1GaNupdUBzfVF2B3JUAY1rZwHoXJgjyzXj,100356052
1HpNa5GbsPRbJ1s931oNKGqgN5gVbBBE8s,100356052
1HpNa5GbsPRbJ1s931oNKGqgN5gVbBBE8s,100356052
1NHVAzYT2jQ8roRddYXhvZtiVjuMwuWBGn,50600524771
1HpNa5GbsPRbJ1s931oNKGqgN5gVbBBE8s,100356052
1GaNupdUBzfVF2B3JUAY1rZwHoXJgjyzXj,100356052
1GaNupdUBzfVF2B3JUAY1rZwHoXJgjyzXj,100356052
1GaNupdUBzfVF2B3JUAY1rZwHoXJgjyzXj,100356052
1HpNa5GbsPRbJ1s931oNKGqgN5gVbBBE8s,100356052
1GaNupdUBzfVF2B3JUAY1rZwHoXJgjyzXj,100356052
1HpNa5GbsPRbJ1s931oNKGqgN5gVbBBE8s,100356052
1GaNupdUBzfVF2B3JUAY1rZwHoXJgjyzXj,100356052
1GaNupdUBzfVF2B3JUAY1rZwHoXJgjyzXj,100356052
1LoMxHHUzFXNoFFDjdjDuN6ciq8wrKGPSa,70247696759
1MLPjJ4iDXpAnzgon9u34ZxnSjTHztxRCP,10034031085
1AGFxUanxnWnrTiwLsY4NyvNZTv3RWFnfT,100336441799
1HavyitVfgfbX6q9vprFgU8emXtixixEwY,16015267580
15KDDJeiiZqSAy8ff2waWgagP82zUrj37c,3009574405
1GaNupdUBzfVF2B3JUAY1rZwHoXJgjyzXj,100319147
1GaNupdUBzfVF2B3JUAY1rZwHoXJgjyzXj,100319147
18D38HyzBmzArrcHz1jBTVvatvxTnBKRCp,10031914683
139Dx25QXHBJD1tfLQMwASAAJrWFiM4BPz,300957440476
1B7GKDsgtgpxp87W1LHskh2Y9Qy8vMH8Ri,10031433532
138deo1VUkgWmptS8NWnBqVwqWfZx1Q494,20062291667
1GaNupdUBzfVF2B3JUAY1rZwHoXJgjyzXj,100301868
16pdW8RQjJpF37FLMm7R65HBvn6WY33Pq8,1003018683862
1GaNupdUBzfVF2B3JUAY1rZwHoXJgjyzXj,100301868
1GaNupdUBzfVF2B3JUAY1rZwHoXJgjyzXj,100301868
1GaNupdUBzfVF2B3JUAY1rZwHoXJgjyzXj,100301868
15oxQoTsbrX7SJK86HHDY7qD8BzUday2dx,20060373677
1HpNa5GbsPRbJ1s931oNKGqgN5gVbBBE8s,100301868
1HpNa5GbsPRbJ1s931oNKGqgN5gVbBBE8s,100301868
1HpNa5GbsPRbJ1s931oNKGqgN5gVbBBE8s,100301868
1GaNupdUBzfVF2B3JUAY1rZwHoXJgjyzXj,100301868
1HpNa5GbsPRbJ1s931oNKGqgN5gVbBBE8s,100301868
1GaNupdUBzfVF2B3JUAY1rZwHoXJgjyzXj,100301868
1GaNupdUBzfVF2B3JUAY1rZwHoXJgjyzXj,100301868
1NemP5kiTYEj8SwvpVm2uiEwfsa5LNQPmZ,40119744336
1GaNupdUBzfVF2B3JUAY1rZwHoXJgjyzXj,100295850
1GeVYn8BY86jTgUYoWeLkWXULpJnYD3u87,3911190575
1ApWmGDViVjTPqRKBhPydpBZ5DRjpuEEic,15142266518
1GaNupdUBzfVF2B3JUAY1rZwHoXJgjyzXj,100279911
1HpNa5GbsPRbJ1s931oNKGqgN5gVbBBE8s,100279911
1HpNa5GbsPRbJ1s931oNKGqgN5gVbBBE8s,100279911
1GaNupdUBzfVF2B3JUAY1rZwHoXJgjyzXj,100279911
1HpNa5GbsPRbJ1s931oNKGqgN5gVbBBE8s,100279911
18toyySRFSWc56EF6tRXMKQK5UCPgGz39T,997785112
1GaNupdUBzfVF2B3JUAY1rZwHoXJgjyzXj,100279911
1HpNa5GbsPRbJ1s931oNKGqgN5gVbBBE8s,100279911
1HpNa5GbsPRbJ1s931oNKGqgN5gVbBBE8s,100268667
1HpNa5GbsPRbJ1s931oNKGqgN5gVbBBE8s,100268667
1HpNa5GbsPRbJ1s931oNKGqgN5gVbBBE8s,100268667
15PmgreEf44t2sLwUohspit2DNdmf8nioa,50134334
17kLc6ZYAbVPpZkCrvdUE3K4NBLSKGxtPb,25062153399
1JSCYw7NxVbBhv8HCupYhgYqAwqTdRT4u5,20053733466
1VDTthqUv8bjmFePNxEXTNttkaTWfKdDi,9520257202
1HpNa5GbsPRbJ1s931oNKGqgN5gVbBBE8s,100266005
1NJW7tJoDJboQQSUdPHQ2pAYm6gAy3SgdZ,701862037
1HpNa5GbsPRbJ1s931oNKGqgN5gVbBBE8s,100266005
1HpNa5GbsPRbJ1s931oNKGqgN5gVbBBE8s,100266005
1HpNa5GbsPRbJ1s931oNKGqgN5gVbBBE8s,100266005
1AGFxUanxnWnrTiwLsY4NyvNZTv3RWFnfT,50133002646
1HpNa5GbsPRbJ1s931oNKGqgN5gVbBBE8s,100266005
1HpNa5GbsPRbJ1s931oNKGqgN5gVbBBE8s,100262252
1GaNupdUBzfVF2B3JUAY1rZwHoXJgjyzXj,100262252
1GaNupdUBzfVF2B3JUAY1rZwHoXJgjyzXj,100262252
1JU1GS7GyHg6XYqq5JjNUquzsWgHoUFAGR,238423635218
1GaNupdUBzfVF2B3JUAY1rZwHoXJgjyzXj,100262252
1HpNa5GbsPRbJ1s931oNKGqgN5gVbBBE8s,100262252
1GaNupdUBzfVF2B3JUAY1rZwHoXJgjyzXj,100262252
1GaNupdUBzfVF2B3JUAY1rZwHoXJgjyzXj,100262252
1G6zjkpKHaDETbswWCJwyu3PQMesoCHvvz,50129208003
1HpNa5GbsPRbJ1s931oNKGqgN5gVbBBE8s,100252910
1HpNa5GbsPRbJ1s931oNKGqgN5gVbBBE8s,100252910
1aTJa6dhYax5uHV249FA732BQDxABjSPd,5012645503
1MstrCofqGJQ73bGwdTxj2Uo7EqRxUDWAo,2506322751
1HpNa5GbsPRbJ1s931oNKGqgN5gVbBBE8s,100252910
1HpNa5GbsPRbJ1s931oNKGqgN5gVbBBE8s,100252910
1D8CrjDtEv3cHm91jjk15ix8yeS8oKDzmE,5011970899
1HpNa5GbsPRbJ1s931oNKGqgN5gVbBBE8s,100239418
1HpNa5GbsPRbJ1s931oNKGqgN5gVbBBE8s,100239418
1GaNupdUBzfVF2B3JUAY1rZwHoXJgjyzXj,100231366
1GaNupdUBzfVF2B3JUAY1rZwHoXJgjyzXj,100231366
1Dv1tvyWfvRK3QHb3dZAMWLUKzL6Ddad2F,72016089
1BBTQrfsZQVoGwdPfp7NfMg7F4pYes2F1s,250544560185
1GaNupdUBzfVF2B3JUAY1rZwHoXJgjyzXj,100217824
1BBTQrfsZQVoGwdPfp7NfMg7F4pYes2F1s,250544560185
1BBTQrfsZQVoGwdPfp7NfMg7F4pYes2F1s,250544560185
1BBTQrfsZQVoGwdPfp7NfMg7F4pYes2F1s,250544560185
1BBTQrfsZQVoGwdPfp7NfMg7F4pYes2F1s,250544560185
1GaNupdUBzfVF2B3JUAY1rZwHoXJgjyzXj,100217824
1BBTQrfsZQVoGwdPfp7NfMg7F4pYes2F1s,249542381944
1BBTQrfsZQVoGwdPfp7NfMg7F4pYes2F1s,250544560185
18JLWH8smwG59zab7j4DqDLZULfK1iEUoH,6013069444
1BBTQrfsZQVoGwdPfp7NfMg7F4pYes2F1s,10021782407
1GaNupdUBzfVF2B3JUAY1rZwHoXJgjyzXj,100217824
1GaNupdUBzfVF2B3JUAY1rZwHoXJgjyzXj,100217824
1BBTQrfsZQVoGwdPfp7NfMg7F4pYes2F1s,250544560185
1DbFbPdbDAHyhMat1cmatbPfySAULC7FL3,10021782407
1BHQeERPiQfQbxc1NYgoYosWqWguKprhkH,220466081
1DLjzpGMS5DHucLujKArriyp3S8y3aRMqa,10020692791
18hTHcNvBrGduvG4hG55C6nzRWX5F43qam,3005833333
1KpSuQmkejZPKj18Gj6y2fUL9GZyWCTVuh,16031111111
1GaNupdUBzfVF2B3JUAY1rZwHoXJgjyzXj,100194444
1AAciKr6aNMwcYrApgAp336e8EjBwrYPWj,132038340067
1GaNupdUBzfVF2B3JUAY1rZwHoXJgjyzXj,100194444
1GaNupdUBzfVF2B3JUAY1rZwHoXJgjyzXj,100194444
1JYXwhzeTqrLXfg79EbQ95GpoDHxZWWE6d,100194444444
1JqDHs9GiNckdTYRjwDQqwxajiRFQyuNcH,50097222222
1GaNupdUBzfVF2B3JUAY1rZwHoXJgjyzXj,100194444
14REHKxxXicArkZuvfA7DkXeoqgWXZ2pzo,10019444444
1KA9SV5pyqpW3sqZbfAWhSRiVeeN552BXQ,8215945800
1GaNupdUBzfVF2B3JUAY1rZwHoXJgjyzXj,100191567
1KA9SV5pyqpW3sqZbfAWhSRiVeeN552BXQ,49092685185
1F2KyKaLr1QbCgGGAjuBSQSJo8GQ6CaCwF,10018387897
1GaNupdUBzfVF2B3JUAY1rZwHoXJgjyzXj,100159937
13xyUnidQ1JhQk7hor17eQAPw96hwNZhHJ,100159937
1Po9mw5bbgx3HxHZ8Vch24XcmHTiFTRDuW,200319874339
1GaNupdUBzfVF2B3JUAY1rZwHoXJgjyzXj,100159937
14MUti4hZhpnqeqswfHxLWFbYQ1GqezJEY,1001599372
1DUGRxypnPrQ8t7umv1QPwmwwYnt6dFA3m,1001599372
17czXHWXFLVUdgiQSc9FJDT6Fi7ooXj6Uf,20030985834
1GaNupdUBzfVF2B3JUAY1rZwHoXJgjyzXj,100159937
1GaNupdUBzfVF2B3JUAY1rZwHoXJgjyzXj,100159937
15sv8nv5MweHeXnHPbiCaNNf8FDtsG3JdW,23672801150
14MUti4hZhpnqeqswfHxLWFbYQ1GqezJEY,8092922923
1GaNupdUBzfVF2B3JUAY1rZwHoXJgjyzXj,100146842
1HLdSSpvRDcAyD9k91yS7X9o2jaJiKeqp4,100146841931
1DUGRxypnPrQ8t7umv1QPwmwwYnt6dFA3m,1001468419
1Pd1ESY2Hfb8Mom6aTJnpJBEAnkzghgRJq,480704841270
1Ls3wRUtiTv8fXcjXpT5LYjuxJ7rwWCEKb,100146842
1GaNupdUBzfVF2B3JUAY1rZwHoXJgjyzXj,100140575
1GaNupdUBzfVF2B3JUAY1rZwHoXJgjyzXj,100140575
1GaNupdUBzfVF2B3JUAY1rZwHoXJgjyzXj,100140575
1CooyTFrq7iUh6ATMxCE4nNgHdgJox8Fxd,20025469577
1GaNupdUBzfVF2B3JUAY1rZwHoXJgjyzXj,100127348
1GaNupdUBzfVF2B3JUAY1rZwHoXJgjyzXj,100127348
1EYwqZCP6tZJhmADMQtKdex9gWdrsPd4Jo,50058667574
1GaNupdUBzfVF2B3JUAY1rZwHoXJgjyzXj,100127348
14S5bE4ZGbb4oMXsnNn4zErdKBN5Lyiihb,250305886243
1GD6YyXnd7DKvfUKs22Fp3FSGuvK6n4F4j,250305886243
1JzN8RsgCTbbJcjLa9dH93GkehcmNxxZTL,30107496694
1NYdPSXbWxWQMXG8BhnXYUhFaLFAoyeHR3,15450215782
17VP7dV8dxn3pDVxrjtgPiKhs37FLBBX7u,690814469
1GaNupdUBzfVF2B3JUAY1rZwHoXJgjyzXj,100105589
1HRE7U9XNPD8kJBCwm5Q1VAepz25GBXnVk,194783543229
17dkzPoFrkw5V2sDsBqSbbbvygaPzWsz68,50052794
13xyUnidQ1JhQk7hor17eQAPw96hwNZhHJ,135305780444
15XDP6tMciP3xxBroJCPoqTAvZJz2x1kAx,60053546708
1HLdSSpvRDcAyD9k91yS7X9o2jaJiKeqp4,100094229497
1HcQb16RSjdiH622sNs7Qsqt5vNWWa7oKV,1801450892857
1MqAVaKzB9NKmxH1cGqmtWoUeeZuVTuy2d,50540705605
18iT8DhkKDEMya2bDN1HRKEv6tWSQEgSbi,12259252821
13xyUnidQ1JhQk7hor17eQAPw96hwNZhHJ,50034879299
12y5do1mEWJcrawDq3p66Zd9NSUdWUAqYF,500348793
1KGWhADxrefkLZHhthnJ4HkEsu5t9zVPF1,19963009722
1Df8GTfWasZHJ4svNXR9sGrmXzTRt1Z5BT,50024603175
112xdxgBpCV6TCAXrJ3Cfv3cXQwGyHbH6L,10004920635
1LzbWC9xo4TC5j6P3tjYT3fJVQ5XpaYADE,5002460317
15jY9nQsgzdkuj7Rw2KHGpDKoxv59gDJE8,30013784722
144PHZQoDNfhGwUFtAKayDyJSVQm1YkyHm,20007218915
1K5ZEkQ8Pzwqedg2WHsKQd3xiAGnj7MeCD,100012119709
17VP7dV8dxn3pDVxrjtgPiKhs37FLBBX7u,2995362985284
1eLiRanANMyXjVGU9LMqzm9wGKdRAg8q4,9951205911
13X7yRvpDf1NKLhzsYHaghfNJQ8JpXTa7N,89930898042
18cSnNojZK11mLRk9ND3iosxrvZ9VBXtBh,10000000000
16WsVPMRUCdMiT1rMxM9CEspdn7JYD2U5j,29995000000
1H5i3Pz9y1mYnXqXDAxJPohggwyBT98oc1,10000000000
1Bqp4VEweM1S8FKGHWYviRRtSxv5tMAVih,119995000000
1KDCt8VoY45ya3QnExwtZEdugAnRAncr1Z,110000000000
1Bqp4VEweM1S8FKGHWYviRRtSxv5tMAVih,156000000000
